{"C:\\Users\\timpl\\OneDrive\\Рабочий стол\\моё (1)\\WWW\\gym-tracker\\src\\components\\Alert.tsx": {"path":"C:\\Users\\timpl\\OneDrive\\Рабочий стол\\моё (1)\\WWW\\gym-tracker\\src\\components\\Alert.tsx","statementMap":{"0":{"start":{"line":20,"column":19},"end":{"line":45,"column":null}},"1":{"start":{"line":47,"column":16},"end":{"line":68,"column":null}},"2":{"start":{"line":70,"column":17},"end":{"line":70,"column":null}},"3":{"start":{"line":72,"column":2},"end":{"line":107,"column":null}}},"fnMap":{"0":{"name":"Alert","decl":{"start":{"line":13,"column":16},"end":{"line":13,"column":22}},"loc":{"start":{"line":19,"column":15},"end":{"line":107,"column":null}},"line":19}},"branchMap":{"0":{"loc":{"start":{"line":14,"column":2},"end":{"line":14,"column":null}},"type":"default-arg","locations":[{"start":{"line":14,"column":12},"end":{"line":14,"column":null}}],"line":14},"1":{"loc":{"start":{"line":18,"column":2},"end":{"line":18,"column":null}},"type":"default-arg","locations":[{"start":{"line":18,"column":14},"end":{"line":18,"column":null}}],"line":18},"2":{"loc":{"start":{"line":86,"column":11},"end":{"line":89,"column":null}},"type":"binary-expr","locations":[{"start":{"line":86,"column":11},"end":{"line":86,"column":null}},{"start":{"line":87,"column":12},"end":{"line":89,"column":null}}],"line":86},"3":{"loc":{"start":{"line":96,"column":9},"end":{"line":102,"column":null}},"type":"binary-expr","locations":[{"start":{"line":96,"column":9},"end":{"line":96,"column":null}},{"start":{"line":97,"column":10},"end":{"line":102,"column":null}}],"line":96}},"s":{"0":9,"1":9,"2":9,"3":9},"f":{"0":9},"b":{"0":[9],"1":[9],"2":[9,1],"3":[9,1]},"meta":{"lastBranch":4,"lastFunction":1,"lastStatement":4,"seen":{"f:13:16:13:22":0,"b:14:12:14:Infinity":0,"b:18:14:18:Infinity":1,"s:20:19:45:Infinity":0,"s:47:16:68:Infinity":1,"s:70:17:70:Infinity":2,"s:72:2:107:Infinity":3,"b:86:11:86:Infinity:87:12:89:Infinity":2,"b:96:9:96:Infinity:97:10:102:Infinity":3}}}
,"C:\\Users\\timpl\\OneDrive\\Рабочий стол\\моё (1)\\WWW\\gym-tracker\\src\\components\\Badge.tsx": {"path":"C:\\Users\\timpl\\OneDrive\\Рабочий стол\\моё (1)\\WWW\\gym-tracker\\src\\components\\Badge.tsx","statementMap":{"0":{"start":{"line":21,"column":25},"end":{"line":28,"column":null}},"1":{"start":{"line":30,"column":22},"end":{"line":34,"column":null}},"2":{"start":{"line":36,"column":20},"end":{"line":43,"column":null}},"3":{"start":{"line":45,"column":2},"end":{"line":61,"column":null}}},"fnMap":{"0":{"name":"Badge","decl":{"start":{"line":14,"column":16},"end":{"line":14,"column":22}},"loc":{"start":{"line":20,"column":15},"end":{"line":61,"column":null}},"line":20}},"branchMap":{"0":{"loc":{"start":{"line":15,"column":2},"end":{"line":15,"column":null}},"type":"default-arg","locations":[{"start":{"line":15,"column":12},"end":{"line":15,"column":null}}],"line":15},"1":{"loc":{"start":{"line":16,"column":2},"end":{"line":16,"column":null}},"type":"default-arg","locations":[{"start":{"line":16,"column":9},"end":{"line":16,"column":null}}],"line":16},"2":{"loc":{"start":{"line":18,"column":2},"end":{"line":18,"column":null}},"type":"default-arg","locations":[{"start":{"line":18,"column":14},"end":{"line":18,"column":null}}],"line":18},"3":{"loc":{"start":{"line":19,"column":2},"end":{"line":19,"column":null}},"type":"default-arg","locations":[{"start":{"line":19,"column":8},"end":{"line":19,"column":null}}],"line":19},"4":{"loc":{"start":{"line":55,"column":7},"end":{"line":58,"column":null}},"type":"binary-expr","locations":[{"start":{"line":55,"column":7},"end":{"line":55,"column":null}},{"start":{"line":56,"column":8},"end":{"line":58,"column":null}}],"line":55}},"s":{"0":10,"1":10,"2":10,"3":10},"f":{"0":10},"b":{"0":[10],"1":[10],"2":[10],"3":[10],"4":[10,1]},"meta":{"lastBranch":5,"lastFunction":1,"lastStatement":4,"seen":{"f:14:16:14:22":0,"b:15:12:15:Infinity":0,"b:16:9:16:Infinity":1,"b:18:14:18:Infinity":2,"b:19:8:19:Infinity":3,"s:21:25:28:Infinity":0,"s:30:22:34:Infinity":1,"s:36:20:43:Infinity":2,"s:45:2:61:Infinity":3,"b:55:7:55:Infinity:56:8:58:Infinity":4}}}
,"C:\\Users\\timpl\\OneDrive\\Рабочий стол\\моё (1)\\WWW\\gym-tracker\\src\\components\\Button.tsx": {"path":"C:\\Users\\timpl\\OneDrive\\Рабочий стол\\моё (1)\\WWW\\gym-tracker\\src\\components\\Button.tsx","statementMap":{"0":{"start":{"line":30,"column":18},"end":{"line":30,"column":89}},"1":{"start":{"line":32,"column":8},"end":{"line":47,"column":null}},"2":{"start":{"line":33,"column":4},"end":{"line":33,"column":null}},"3":{"start":{"line":33,"column":29},"end":{"line":33,"column":null}},"4":{"start":{"line":36,"column":19},"end":{"line":36,"column":null}},"5":{"start":{"line":37,"column":17},"end":{"line":37,"column":47}},"6":{"start":{"line":38,"column":14},"end":{"line":38,"column":null}},"7":{"start":{"line":39,"column":14},"end":{"line":39,"column":null}},"8":{"start":{"line":40,"column":15},"end":{"line":40,"column":25}},"9":{"start":{"line":42,"column":4},"end":{"line":42,"column":null}},"10":{"start":{"line":42,"column":25},"end":{"line":42,"column":48}},"11":{"start":{"line":43,"column":4},"end":{"line":45,"column":null}},"12":{"start":{"line":44,"column":6},"end":{"line":44,"column":null}},"13":{"start":{"line":44,"column":27},"end":{"line":44,"column":58}},"14":{"start":{"line":44,"column":46},"end":{"line":44,"column":58}},"15":{"start":{"line":47,"column":4},"end":{"line":47,"column":null}},"16":{"start":{"line":51,"column":25},"end":{"line":57,"column":null}},"17":{"start":{"line":60,"column":22},"end":{"line":64,"column":null}},"18":{"start":{"line":66,"column":26},"end":{"line":70,"column":null}},"19":{"start":{"line":72,"column":2},"end":{"line":130,"column":null}},"20":{"start":{"line":92,"column":8},"end":{"line":102,"column":null}}},"fnMap":{"0":{"name":"Button","decl":{"start":{"line":17,"column":16},"end":{"line":17,"column":23}},"loc":{"start":{"line":29,"column":16},"end":{"line":130,"column":null}},"line":29},"1":{"name":"(anonymous_1)","decl":{"start":{"line":32,"column":8},"end":{"line":32,"column":23}},"loc":{"start":{"line":32,"column":66},"end":{"line":47,"column":null}},"line":32},"2":{"name":"(anonymous_2)","decl":{"start":{"line":42,"column":4},"end":{"line":42,"column":16}},"loc":{"start":{"line":42,"column":25},"end":{"line":42,"column":48}},"line":42},"3":{"name":"(anonymous_3)","decl":{"start":{"line":43,"column":4},"end":{"line":43,"column":21}},"loc":{"start":{"line":43,"column":21},"end":{"line":45,"column":11}},"line":43},"4":{"name":"(anonymous_4)","decl":{"start":{"line":44,"column":6},"end":{"line":44,"column":18}},"loc":{"start":{"line":44,"column":27},"end":{"line":44,"column":58}},"line":44},"5":{"name":"(anonymous_5)","decl":{"start":{"line":44,"column":32},"end":{"line":44,"column":40}},"loc":{"start":{"line":44,"column":46},"end":{"line":44,"column":58}},"line":44},"6":{"name":"(anonymous_6)","decl":{"start":{"line":91,"column":15},"end":{"line":91,"column":20}},"loc":{"start":{"line":92,"column":8},"end":{"line":102,"column":null}},"line":92}},"branchMap":{"0":{"loc":{"start":{"line":18,"column":2},"end":{"line":18,"column":null}},"type":"default-arg","locations":[{"start":{"line":18,"column":12},"end":{"line":18,"column":null}}],"line":18},"1":{"loc":{"start":{"line":19,"column":2},"end":{"line":19,"column":null}},"type":"default-arg","locations":[{"start":{"line":19,"column":9},"end":{"line":19,"column":null}}],"line":19},"2":{"loc":{"start":{"line":20,"column":2},"end":{"line":20,"column":null}},"type":"default-arg","locations":[{"start":{"line":20,"column":12},"end":{"line":20,"column":null}}],"line":20},"3":{"loc":{"start":{"line":22,"column":2},"end":{"line":22,"column":null}},"type":"default-arg","locations":[{"start":{"line":22,"column":17},"end":{"line":22,"column":null}}],"line":22},"4":{"loc":{"start":{"line":23,"column":2},"end":{"line":23,"column":null}},"type":"default-arg","locations":[{"start":{"line":23,"column":14},"end":{"line":23,"column":null}}],"line":23},"5":{"loc":{"start":{"line":25,"column":2},"end":{"line":25,"column":null}},"type":"default-arg","locations":[{"start":{"line":25,"column":14},"end":{"line":25,"column":null}}],"line":25},"6":{"loc":{"start":{"line":33,"column":4},"end":{"line":33,"column":null}},"type":"if","locations":[{"start":{"line":33,"column":4},"end":{"line":33,"column":null}},{"start":{},"end":{}}],"line":33},"7":{"loc":{"start":{"line":33,"column":8},"end":{"line":33,"column":29}},"type":"binary-expr","locations":[{"start":{"line":33,"column":8},"end":{"line":33,"column":20}},{"start":{"line":33,"column":20},"end":{"line":33,"column":29}}],"line":33},"8":{"loc":{"start":{"line":75,"column":16},"end":{"line":75,"column":null}},"type":"binary-expr","locations":[{"start":{"line":75,"column":16},"end":{"line":75,"column":28}},{"start":{"line":75,"column":28},"end":{"line":75,"column":null}}],"line":75},"9":{"loc":{"start":{"line":83,"column":10},"end":{"line":83,"column":null}},"type":"cond-expr","locations":[{"start":{"line":83,"column":22},"end":{"line":83,"column":33}},{"start":{"line":83,"column":33},"end":{"line":83,"column":null}}],"line":83},"10":{"loc":{"start":{"line":107,"column":9},"end":{"line":120,"column":null}},"type":"binary-expr","locations":[{"start":{"line":107,"column":9},"end":{"line":107,"column":null}},{"start":{"line":108,"column":10},"end":{"line":120,"column":null}}],"line":107},"11":{"loc":{"start":{"line":122,"column":9},"end":{"line":123,"column":null}},"type":"binary-expr","locations":[{"start":{"line":122,"column":9},"end":{"line":122,"column":21}},{"start":{"line":122,"column":21},"end":{"line":122,"column":29}},{"start":{"line":122,"column":29},"end":{"line":122,"column":null}},{"start":{"line":123,"column":10},"end":{"line":123,"column":null}}],"line":122},"12":{"loc":{"start":{"line":126,"column":9},"end":{"line":127,"column":null}},"type":"binary-expr","locations":[{"start":{"line":126,"column":9},"end":{"line":126,"column":21}},{"start":{"line":126,"column":21},"end":{"line":126,"column":29}},{"start":{"line":126,"column":29},"end":{"line":126,"column":null}},{"start":{"line":127,"column":10},"end":{"line":127,"column":null}}],"line":126}},"s":{"0":36,"1":36,"2":8,"3":0,"4":8,"5":8,"6":8,"7":8,"8":8,"9":8,"10":8,"11":8,"12":0,"13":0,"14":0,"15":8,"16":36,"17":36,"18":36,"19":36,"20":21},"f":{"0":36,"1":8,"2":8,"3":0,"4":0,"5":0,"6":21},"b":{"0":[36],"1":[36],"2":[36],"3":[36],"4":[36],"5":[36],"6":[0,8],"7":[8,8],"8":[36,34],"9":[1,35],"10":[36,2],"11":[36,34,2,1],"12":[36,34,2,1]},"meta":{"lastBranch":13,"lastFunction":7,"lastStatement":21,"seen":{"f:17:16:17:23":0,"b:18:12:18:Infinity":0,"b:19:9:19:Infinity":1,"b:20:12:20:Infinity":2,"b:22:17:22:Infinity":3,"b:23:14:23:Infinity":4,"b:25:14:25:Infinity":5,"s:30:18:30:89":0,"s:32:8:47:Infinity":1,"f:32:8:32:23":1,"b:33:4:33:Infinity:undefined:undefined:undefined:undefined":6,"s:33:4:33:Infinity":2,"b:33:8:33:20:33:20:33:29":7,"s:33:29:33:Infinity":3,"s:36:19:36:Infinity":4,"s:37:17:37:47":5,"s:38:14:38:Infinity":6,"s:39:14:39:Infinity":7,"s:40:15:40:25":8,"s:42:4:42:Infinity":9,"f:42:4:42:16":2,"s:42:25:42:48":10,"s:43:4:45:Infinity":11,"f:43:4:43:21":3,"s:44:6:44:Infinity":12,"f:44:6:44:18":4,"s:44:27:44:58":13,"f:44:32:44:40":5,"s:44:46:44:58":14,"s:47:4:47:Infinity":15,"s:51:25:57:Infinity":16,"s:60:22:64:Infinity":17,"s:66:26:70:Infinity":18,"s:72:2:130:Infinity":19,"b:75:16:75:28:75:28:75:Infinity":8,"b:83:22:83:33:83:33:83:Infinity":9,"f:91:15:91:20":6,"s:92:8:102:Infinity":20,"b:107:9:107:Infinity:108:10:120:Infinity":10,"b:122:9:122:21:122:21:122:29:122:29:122:Infinity:123:10:123:Infinity":11,"b:126:9:126:21:126:21:126:29:126:29:126:Infinity:127:10:127:Infinity":12}}}
,"C:\\Users\\timpl\\OneDrive\\Рабочий стол\\моё (1)\\WWW\\gym-tracker\\src\\components\\Card.tsx": {"path":"C:\\Users\\timpl\\OneDrive\\Рабочий стол\\моё (1)\\WWW\\gym-tracker\\src\\components\\Card.tsx","statementMap":{"0":{"start":{"line":22,"column":25},"end":{"line":27,"column":null}},"1":{"start":{"line":30,"column":25},"end":{"line":35,"column":null}},"2":{"start":{"line":37,"column":2},"end":{"line":48,"column":null}}},"fnMap":{"0":{"name":"Card","decl":{"start":{"line":14,"column":16},"end":{"line":14,"column":21}},"loc":{"start":{"line":20,"column":14},"end":{"line":48,"column":null}},"line":20}},"branchMap":{"0":{"loc":{"start":{"line":15,"column":2},"end":{"line":15,"column":null}},"type":"default-arg","locations":[{"start":{"line":15,"column":12},"end":{"line":15,"column":null}}],"line":15},"1":{"loc":{"start":{"line":16,"column":2},"end":{"line":16,"column":null}},"type":"default-arg","locations":[{"start":{"line":16,"column":12},"end":{"line":16,"column":null}}],"line":16},"2":{"loc":{"start":{"line":17,"column":2},"end":{"line":17,"column":null}},"type":"default-arg","locations":[{"start":{"line":17,"column":14},"end":{"line":17,"column":null}}],"line":17}},"s":{"0":22,"1":22,"2":22},"f":{"0":22},"b":{"0":[22],"1":[22],"2":[22]},"meta":{"lastBranch":3,"lastFunction":1,"lastStatement":3,"seen":{"f:14:16:14:21":0,"b:15:12:15:Infinity":0,"b:16:12:16:Infinity":1,"b:17:14:17:Infinity":2,"s:22:25:27:Infinity":0,"s:30:25:35:Infinity":1,"s:37:2:48:Infinity":2}}}
,"C:\\Users\\timpl\\OneDrive\\Рабочий стол\\моё (1)\\WWW\\gym-tracker\\src\\components\\Checkbox.tsx": {"path":"C:\\Users\\timpl\\OneDrive\\Рабочий стол\\моё (1)\\WWW\\gym-tracker\\src\\components\\Checkbox.tsx","statementMap":{"0":{"start":{"line":9,"column":2},"end":{"line":59,"column":null}}},"fnMap":{"0":{"name":"Checkbox","decl":{"start":{"line":8,"column":16},"end":{"line":8,"column":25}},"loc":{"start":{"line":8,"column":84},"end":{"line":59,"column":null}},"line":8}},"branchMap":{"0":{"loc":{"start":{"line":8,"column":41},"end":{"line":8,"column":57}},"type":"default-arg","locations":[{"start":{"line":8,"column":53},"end":{"line":8,"column":57}}],"line":8},"1":{"loc":{"start":{"line":47,"column":9},"end":{"line":50,"column":null}},"type":"binary-expr","locations":[{"start":{"line":47,"column":9},"end":{"line":47,"column":null}},{"start":{"line":48,"column":10},"end":{"line":50,"column":null}}],"line":47},"2":{"loc":{"start":{"line":54,"column":7},"end":{"line":57,"column":null}},"type":"binary-expr","locations":[{"start":{"line":54,"column":7},"end":{"line":54,"column":null}},{"start":{"line":55,"column":8},"end":{"line":57,"column":null}}],"line":54}},"s":{"0":7},"f":{"0":7},"b":{"0":[7],"1":[7,1],"2":[7,1]},"meta":{"lastBranch":3,"lastFunction":1,"lastStatement":1,"seen":{"f:8:16:8:25":0,"b:8:53:8:57":0,"s:9:2:59:Infinity":0,"b:47:9:47:Infinity:48:10:50:Infinity":1,"b:54:7:54:Infinity:55:8:57:Infinity":2}}}
,"C:\\Users\\timpl\\OneDrive\\Рабочий стол\\моё (1)\\WWW\\gym-tracker\\src\\components\\EditWorkoutSheet.tsx": {"path":"C:\\Users\\timpl\\OneDrive\\Рабочий стол\\моё (1)\\WWW\\gym-tracker\\src\\components\\EditWorkoutSheet.tsx","statementMap":{"0":{"start":{"line":14,"column":15},"end":{"line":14,"column":54}},"1":{"start":{"line":15,"column":15},"end":{"line":18,"column":null}},"2":{"start":{"line":16,"column":14},"end":{"line":16,"column":64}},"3":{"start":{"line":17,"column":4},"end":{"line":17,"column":null}},"4":{"start":{"line":19,"column":16},"end":{"line":19,"column":57}},"5":{"start":{"line":20,"column":20},"end":{"line":25,"column":null}},"6":{"start":{"line":20,"column":36},"end":{"line":25,"column":7}},"7":{"start":{"line":21,"column":57},"end":{"line":25,"column":7}},"8":{"start":{"line":24,"column":30},"end":{"line":24,"column":null}},"9":{"start":{"line":28,"column":8},"end":{"line":32,"column":null}},"10":{"start":{"line":29,"column":4},"end":{"line":32,"column":null}},"11":{"start":{"line":29,"column":25},"end":{"line":32,"column":6}},"12":{"start":{"line":29,"column":46},"end":{"line":32,"column":6}},"13":{"start":{"line":31,"column":35},"end":{"line":31,"column":null}},"14":{"start":{"line":35,"column":8},"end":{"line":39,"column":null}},"15":{"start":{"line":36,"column":4},"end":{"line":39,"column":null}},"16":{"start":{"line":36,"column":25},"end":{"line":39,"column":6}},"17":{"start":{"line":36,"column":46},"end":{"line":39,"column":6}},"18":{"start":{"line":42,"column":8},"end":{"line":46,"column":null}},"19":{"start":{"line":43,"column":4},"end":{"line":46,"column":null}},"20":{"start":{"line":43,"column":25},"end":{"line":46,"column":6}},"21":{"start":{"line":43,"column":46},"end":{"line":46,"column":6}},"22":{"start":{"line":45,"column":38},"end":{"line":45,"column":null}},"23":{"start":{"line":49,"column":8},"end":{"line":59,"column":null}},"24":{"start":{"line":50,"column":4},"end":{"line":59,"column":null}},"25":{"start":{"line":54,"column":38},"end":{"line":58,"column":null}},"26":{"start":{"line":57,"column":32},"end":{"line":57,"column":null}},"27":{"start":{"line":62,"column":2},"end":{"line":153,"column":null}},"28":{"start":{"line":67,"column":22},"end":{"line":67,"column":41}},"29":{"start":{"line":84,"column":29},"end":{"line":84,"column":52}},"30":{"start":{"line":95,"column":29},"end":{"line":95,"column":52}},"31":{"start":{"line":105,"column":29},"end":{"line":105,"column":53}},"32":{"start":{"line":113,"column":12},"end":{"line":142,"column":null}},"33":{"start":{"line":117,"column":18},"end":{"line":133,"column":null}},"34":{"start":{"line":120,"column":43},"end":{"line":120,"column":75}},"35":{"start":{"line":122,"column":43},"end":{"line":122,"column":74}},"36":{"start":{"line":125,"column":45},"end":{"line":125,"column":81}},"37":{"start":{"line":127,"column":45},"end":{"line":127,"column":80}},"38":{"start":{"line":130,"column":47},"end":{"line":130,"column":67}},"39":{"start":{"line":137,"column":31},"end":{"line":137,"column":44}}},"fnMap":{"0":{"name":"EditWorkoutSheet","decl":{"start":{"line":7,"column":16},"end":{"line":7,"column":33}},"loc":{"start":{"line":13,"column":3},"end":{"line":153,"column":null}},"line":13},"1":{"name":"(anonymous_1)","decl":{"start":{"line":15,"column":26},"end":{"line":15,"column":41}},"loc":{"start":{"line":15,"column":41},"end":{"line":18,"column":null}},"line":15},"2":{"name":"(anonymous_2)","decl":{"start":{"line":20,"column":36},"end":{"line":20,"column":null}},"loc":{"start":{"line":20,"column":36},"end":{"line":25,"column":7}},"line":20},"3":{"name":"(anonymous_3)","decl":{"start":{"line":21,"column":30},"end":{"line":21,"column":35}},"loc":{"start":{"line":21,"column":57},"end":{"line":25,"column":7}},"line":21},"4":{"name":"(anonymous_4)","decl":{"start":{"line":24,"column":20},"end":{"line":24,"column":24}},"loc":{"start":{"line":24,"column":30},"end":{"line":24,"column":null}},"line":24},"5":{"name":"(anonymous_5)","decl":{"start":{"line":28,"column":8},"end":{"line":28,"column":21}},"loc":{"start":{"line":28,"column":96},"end":{"line":32,"column":null}},"line":28},"6":{"name":"(anonymous_6)","decl":{"start":{"line":29,"column":4},"end":{"line":29,"column":17}},"loc":{"start":{"line":29,"column":25},"end":{"line":32,"column":6}},"line":29},"7":{"name":"(anonymous_7)","decl":{"start":{"line":29,"column":30},"end":{"line":29,"column":35}},"loc":{"start":{"line":29,"column":46},"end":{"line":32,"column":6}},"line":29},"8":{"name":"(anonymous_8)","decl":{"start":{"line":31,"column":20},"end":{"line":31,"column":25}},"loc":{"start":{"line":31,"column":35},"end":{"line":31,"column":null}},"line":31},"9":{"name":"(anonymous_9)","decl":{"start":{"line":35,"column":8},"end":{"line":35,"column":18}},"loc":{"start":{"line":35,"column":36},"end":{"line":39,"column":null}},"line":35},"10":{"name":"(anonymous_10)","decl":{"start":{"line":36,"column":4},"end":{"line":36,"column":17}},"loc":{"start":{"line":36,"column":25},"end":{"line":39,"column":6}},"line":36},"11":{"name":"(anonymous_11)","decl":{"start":{"line":36,"column":30},"end":{"line":36,"column":35}},"loc":{"start":{"line":36,"column":46},"end":{"line":39,"column":6}},"line":36},"12":{"name":"(anonymous_12)","decl":{"start":{"line":42,"column":8},"end":{"line":42,"column":21}},"loc":{"start":{"line":42,"column":55},"end":{"line":46,"column":null}},"line":42},"13":{"name":"(anonymous_13)","decl":{"start":{"line":43,"column":4},"end":{"line":43,"column":17}},"loc":{"start":{"line":43,"column":25},"end":{"line":46,"column":6}},"line":43},"14":{"name":"(anonymous_14)","decl":{"start":{"line":43,"column":30},"end":{"line":43,"column":35}},"loc":{"start":{"line":43,"column":46},"end":{"line":46,"column":6}},"line":43},"15":{"name":"(anonymous_15)","decl":{"start":{"line":45,"column":20},"end":{"line":45,"column":28}},"loc":{"start":{"line":45,"column":38},"end":{"line":45,"column":null}},"line":45},"16":{"name":"(anonymous_16)","decl":{"start":{"line":49,"column":8},"end":{"line":49,"column":27}},"loc":{"start":{"line":49,"column":27},"end":{"line":59,"column":null}},"line":49},"17":{"name":"(anonymous_17)","decl":{"start":{"line":54,"column":27},"end":{"line":54,"column":31}},"loc":{"start":{"line":54,"column":38},"end":{"line":58,"column":null}},"line":54},"18":{"name":"(anonymous_18)","decl":{"start":{"line":57,"column":22},"end":{"line":57,"column":26}},"loc":{"start":{"line":57,"column":32},"end":{"line":57,"column":null}},"line":57},"19":{"name":"(anonymous_19)","decl":{"start":{"line":67,"column":8},"end":{"line":67,"column":17}},"loc":{"start":{"line":67,"column":22},"end":{"line":67,"column":41}},"line":67},"20":{"name":"(anonymous_20)","decl":{"start":{"line":84,"column":14},"end":{"line":84,"column":24}},"loc":{"start":{"line":84,"column":29},"end":{"line":84,"column":52}},"line":84},"21":{"name":"(anonymous_21)","decl":{"start":{"line":95,"column":14},"end":{"line":95,"column":24}},"loc":{"start":{"line":95,"column":29},"end":{"line":95,"column":52}},"line":95},"22":{"name":"(anonymous_22)","decl":{"start":{"line":105,"column":14},"end":{"line":105,"column":24}},"loc":{"start":{"line":105,"column":29},"end":{"line":105,"column":53}},"line":105},"23":{"name":"(anonymous_23)","decl":{"start":{"line":112,"column":21},"end":{"line":112,"column":26}},"loc":{"start":{"line":113,"column":12},"end":{"line":142,"column":null}},"line":113},"24":{"name":"(anonymous_24)","decl":{"start":{"line":116,"column":25},"end":{"line":116,"column":30}},"loc":{"start":{"line":117,"column":18},"end":{"line":133,"column":null}},"line":117},"25":{"name":"(anonymous_25)","decl":{"start":{"line":120,"column":28},"end":{"line":120,"column":43}},"loc":{"start":{"line":120,"column":43},"end":{"line":120,"column":75}},"line":120},"26":{"name":"(anonymous_26)","decl":{"start":{"line":122,"column":28},"end":{"line":122,"column":43}},"loc":{"start":{"line":122,"column":43},"end":{"line":122,"column":74}},"line":122},"27":{"name":"(anonymous_27)","decl":{"start":{"line":125,"column":30},"end":{"line":125,"column":45}},"loc":{"start":{"line":125,"column":45},"end":{"line":125,"column":81}},"line":125},"28":{"name":"(anonymous_28)","decl":{"start":{"line":127,"column":30},"end":{"line":127,"column":45}},"loc":{"start":{"line":127,"column":45},"end":{"line":127,"column":80}},"line":127},"29":{"name":"(anonymous_29)","decl":{"start":{"line":130,"column":32},"end":{"line":130,"column":47}},"loc":{"start":{"line":130,"column":47},"end":{"line":130,"column":67}},"line":130},"30":{"name":"(anonymous_30)","decl":{"start":{"line":137,"column":16},"end":{"line":137,"column":31}},"loc":{"start":{"line":137,"column":31},"end":{"line":137,"column":44}},"line":137}},"branchMap":{"0":{"loc":{"start":{"line":14,"column":35},"end":{"line":14,"column":54}},"type":"binary-expr","locations":[{"start":{"line":14,"column":35},"end":{"line":14,"column":51}},{"start":{"line":14,"column":51},"end":{"line":14,"column":54}}],"line":14},"1":{"loc":{"start":{"line":16,"column":14},"end":{"line":16,"column":64}},"type":"cond-expr","locations":[{"start":{"line":16,"column":29},"end":{"line":16,"column":51}},{"start":{"line":16,"column":54},"end":{"line":16,"column":64}}],"line":16},"2":{"loc":{"start":{"line":19,"column":37},"end":{"line":19,"column":57}},"type":"binary-expr","locations":[{"start":{"line":19,"column":37},"end":{"line":19,"column":54}},{"start":{"line":19,"column":54},"end":{"line":19,"column":57}}],"line":19},"3":{"loc":{"start":{"line":21,"column":5},"end":{"line":21,"column":28}},"type":"binary-expr","locations":[{"start":{"line":21,"column":5},"end":{"line":21,"column":26}},{"start":{"line":21,"column":26},"end":{"line":21,"column":28}}],"line":21},"4":{"loc":{"start":{"line":24,"column":38},"end":{"line":24,"column":52}},"type":"binary-expr","locations":[{"start":{"line":24,"column":38},"end":{"line":24,"column":48}},{"start":{"line":24,"column":48},"end":{"line":24,"column":52}}],"line":24},"5":{"loc":{"start":{"line":24,"column":60},"end":{"line":24,"column":75}},"type":"binary-expr","locations":[{"start":{"line":24,"column":60},"end":{"line":24,"column":72}},{"start":{"line":24,"column":72},"end":{"line":24,"column":75}}],"line":24},"6":{"loc":{"start":{"line":29,"column":46},"end":{"line":32,"column":6}},"type":"cond-expr","locations":[{"start":{"line":29,"column":61},"end":{"line":29,"column":66}},{"start":{"line":29,"column":66},"end":{"line":32,"column":6}}],"line":29},"7":{"loc":{"start":{"line":31,"column":35},"end":{"line":31,"column":null}},"type":"cond-expr","locations":[{"start":{"line":31,"column":51},"end":{"line":31,"column":55}},{"start":{"line":31,"column":55},"end":{"line":31,"column":null}}],"line":31},"8":{"loc":{"start":{"line":36,"column":46},"end":{"line":39,"column":6}},"type":"cond-expr","locations":[{"start":{"line":36,"column":61},"end":{"line":36,"column":66}},{"start":{"line":36,"column":66},"end":{"line":39,"column":6}}],"line":36},"9":{"loc":{"start":{"line":38,"column":33},"end":{"line":38,"column":74}},"type":"binary-expr","locations":[{"start":{"line":38,"column":33},"end":{"line":38,"column":70}},{"start":{"line":38,"column":70},"end":{"line":38,"column":74}}],"line":38},"10":{"loc":{"start":{"line":38,"column":82},"end":{"line":38,"column":124}},"type":"binary-expr","locations":[{"start":{"line":38,"column":82},"end":{"line":38,"column":121}},{"start":{"line":38,"column":121},"end":{"line":38,"column":124}}],"line":38},"11":{"loc":{"start":{"line":43,"column":46},"end":{"line":46,"column":6}},"type":"cond-expr","locations":[{"start":{"line":43,"column":61},"end":{"line":43,"column":66}},{"start":{"line":43,"column":66},"end":{"line":46,"column":6}}],"line":43},"12":{"loc":{"start":{"line":80,"column":96},"end":{"line":80,"column":141}},"type":"binary-expr","locations":[{"start":{"line":80,"column":96},"end":{"line":80,"column":122}},{"start":{"line":80,"column":122},"end":{"line":80,"column":141}}],"line":80},"13":{"loc":{"start":{"line":91,"column":96},"end":{"line":91,"column":130}},"type":"binary-expr","locations":[{"start":{"line":91,"column":96},"end":{"line":91,"column":115}},{"start":{"line":91,"column":115},"end":{"line":91,"column":130}}],"line":91},"14":{"loc":{"start":{"line":102,"column":96},"end":{"line":102,"column":134}},"type":"binary-expr","locations":[{"start":{"line":102,"column":96},"end":{"line":102,"column":116}},{"start":{"line":102,"column":116},"end":{"line":102,"column":134}}],"line":102},"15":{"loc":{"start":{"line":129,"column":23},"end":{"line":130,"column":null}},"type":"binary-expr","locations":[{"start":{"line":129,"column":23},"end":{"line":129,"column":null}},{"start":{"line":130,"column":24},"end":{"line":130,"column":null}}],"line":129}},"s":{"0":14,"1":14,"2":10,"3":10,"4":14,"5":14,"6":10,"7":9,"8":18,"9":14,"10":2,"11":2,"12":2,"13":4,"14":14,"15":1,"16":1,"17":1,"18":14,"19":1,"20":1,"21":1,"22":2,"23":14,"24":1,"25":1,"26":2,"27":14,"28":6,"29":0,"30":0,"31":0,"32":13,"33":26,"34":1,"35":1,"36":0,"37":0,"38":1,"39":1},"f":{"0":14,"1":10,"2":10,"3":9,"4":18,"5":2,"6":2,"7":2,"8":4,"9":1,"10":1,"11":1,"12":1,"13":1,"14":1,"15":2,"16":1,"17":1,"18":2,"19":6,"20":0,"21":0,"22":0,"23":13,"24":26,"25":1,"26":1,"27":0,"28":0,"29":1,"30":1},"b":{"0":[14,1],"1":[9,1],"2":[14,1],"3":[10,1],"4":[18,0],"5":[18,0],"6":[0,2],"7":[2,2],"8":[0,1],"9":[1,0],"10":[1,0],"11":[0,1],"12":[14,0],"13":[14,0],"14":[14,0],"15":[26,25]},"meta":{"lastBranch":16,"lastFunction":31,"lastStatement":40,"seen":{"f:7:16:7:33":0,"s:14:15:14:54":0,"b:14:35:14:51:14:51:14:54":0,"s:15:15:18:Infinity":1,"f:15:26:15:41":1,"s:16:14:16:64":2,"b:16:29:16:51:16:54:16:64":1,"s:17:4:17:Infinity":3,"s:19:16:19:57":4,"b:19:37:19:54:19:54:19:57":2,"s:20:20:25:Infinity":5,"f:20:36:20:Infinity":2,"s:20:36:25:7":6,"b:21:5:21:26:21:26:21:28":3,"f:21:30:21:35":3,"s:21:57:25:7":7,"f:24:20:24:24":4,"s:24:30:24:Infinity":8,"b:24:38:24:48:24:48:24:52":4,"b:24:60:24:72:24:72:24:75":5,"s:28:8:32:Infinity":9,"f:28:8:28:21":5,"s:29:4:32:Infinity":10,"f:29:4:29:17":6,"s:29:25:32:6":11,"f:29:30:29:35":7,"s:29:46:32:6":12,"b:29:61:29:66:29:66:32:6":6,"f:31:20:31:25":8,"s:31:35:31:Infinity":13,"b:31:51:31:55:31:55:31:Infinity":7,"s:35:8:39:Infinity":14,"f:35:8:35:18":9,"s:36:4:39:Infinity":15,"f:36:4:36:17":10,"s:36:25:39:6":16,"f:36:30:36:35":11,"s:36:46:39:6":17,"b:36:61:36:66:36:66:39:6":8,"b:38:33:38:70:38:70:38:74":9,"b:38:82:38:121:38:121:38:124":10,"s:42:8:46:Infinity":18,"f:42:8:42:21":12,"s:43:4:46:Infinity":19,"f:43:4:43:17":13,"s:43:25:46:6":20,"f:43:30:43:35":14,"s:43:46:46:6":21,"b:43:61:43:66:43:66:46:6":11,"f:45:20:45:28":15,"s:45:38:45:Infinity":22,"s:49:8:59:Infinity":23,"f:49:8:49:27":16,"s:50:4:59:Infinity":24,"f:54:27:54:31":17,"s:54:38:58:Infinity":25,"f:57:22:57:26":18,"s:57:32:57:Infinity":26,"s:62:2:153:Infinity":27,"f:67:8:67:17":19,"s:67:22:67:41":28,"b:80:96:80:122:80:122:80:141":12,"f:84:14:84:24":20,"s:84:29:84:52":29,"b:91:96:91:115:91:115:91:130":13,"f:95:14:95:24":21,"s:95:29:95:52":30,"b:102:96:102:116:102:116:102:134":14,"f:105:14:105:24":22,"s:105:29:105:53":31,"f:112:21:112:26":23,"s:113:12:142:Infinity":32,"f:116:25:116:30":24,"s:117:18:133:Infinity":33,"f:120:28:120:43":25,"s:120:43:120:75":34,"f:122:28:122:43":26,"s:122:43:122:74":35,"f:125:30:125:45":27,"s:125:45:125:81":36,"f:127:30:127:45":28,"s:127:45:127:80":37,"b:129:23:129:Infinity:130:24:130:Infinity":15,"f:130:32:130:47":29,"s:130:47:130:67":38,"f:137:16:137:31":30,"s:137:31:137:44":39}}}
,"C:\\Users\\timpl\\OneDrive\\Рабочий стол\\моё (1)\\WWW\\gym-tracker\\src\\components\\Input.tsx": {"path":"C:\\Users\\timpl\\OneDrive\\Рабочий стол\\моё (1)\\WWW\\gym-tracker\\src\\components\\Input.tsx","statementMap":{"0":{"start":{"line":15,"column":13},"end":{"line":115,"column":null}},"1":{"start":{"line":31,"column":20},"end":{"line":31,"column":null}},"2":{"start":{"line":33,"column":27},"end":{"line":37,"column":null}},"3":{"start":{"line":39,"column":27},"end":{"line":39,"column":null}},"4":{"start":{"line":41,"column":4},"end":{"line":112,"column":null}},"5":{"start":{"line":117,"column":0},"end":{"line":117,"column":null}}},"fnMap":{"0":{"name":"(anonymous_0)","decl":{"start":{"line":15,"column":21},"end":{"line":15,"column":null}},"loc":{"start":{"line":30,"column":7},"end":{"line":115,"column":null}},"line":30}},"branchMap":{"0":{"loc":{"start":{"line":21,"column":6},"end":{"line":21,"column":null}},"type":"default-arg","locations":[{"start":{"line":21,"column":16},"end":{"line":21,"column":null}}],"line":21},"1":{"loc":{"start":{"line":23,"column":6},"end":{"line":23,"column":null}},"type":"default-arg","locations":[{"start":{"line":23,"column":21},"end":{"line":23,"column":null}}],"line":23},"2":{"loc":{"start":{"line":24,"column":6},"end":{"line":24,"column":null}},"type":"default-arg","locations":[{"start":{"line":24,"column":18},"end":{"line":24,"column":null}}],"line":24},"3":{"loc":{"start":{"line":25,"column":6},"end":{"line":25,"column":null}},"type":"default-arg","locations":[{"start":{"line":25,"column":13},"end":{"line":25,"column":null}}],"line":25},"4":{"loc":{"start":{"line":31,"column":20},"end":{"line":31,"column":null}},"type":"binary-expr","locations":[{"start":{"line":31,"column":20},"end":{"line":31,"column":27}},{"start":{"line":31,"column":27},"end":{"line":31,"column":null}}],"line":31},"5":{"loc":{"start":{"line":31,"column":27},"end":{"line":31,"column":null}},"type":"cond-expr","locations":[{"start":{"line":31,"column":35},"end":{"line":31,"column":75}},{"start":{"line":31,"column":78},"end":{"line":31,"column":null}}],"line":31},"6":{"loc":{"start":{"line":39,"column":27},"end":{"line":39,"column":null}},"type":"cond-expr","locations":[{"start":{"line":39,"column":35},"end":{"line":39,"column":45}},{"start":{"line":39,"column":45},"end":{"line":39,"column":null}}],"line":39},"7":{"loc":{"start":{"line":39,"column":45},"end":{"line":39,"column":null}},"type":"cond-expr","locations":[{"start":{"line":39,"column":55},"end":{"line":39,"column":67}},{"start":{"line":39,"column":67},"end":{"line":39,"column":null}}],"line":39},"8":{"loc":{"start":{"line":43,"column":9},"end":{"line":46,"column":null}},"type":"binary-expr","locations":[{"start":{"line":43,"column":9},"end":{"line":43,"column":null}},{"start":{"line":44,"column":10},"end":{"line":46,"column":null}}],"line":43},"9":{"loc":{"start":{"line":51,"column":11},"end":{"line":54,"column":null}},"type":"binary-expr","locations":[{"start":{"line":51,"column":11},"end":{"line":51,"column":19}},{"start":{"line":51,"column":19},"end":{"line":51,"column":null}},{"start":{"line":52,"column":12},"end":{"line":54,"column":null}}],"line":51},"10":{"loc":{"start":{"line":70,"column":16},"end":{"line":70,"column":null}},"type":"cond-expr","locations":[{"start":{"line":70,"column":50},"end":{"line":70,"column":60}},{"start":{"line":70,"column":60},"end":{"line":70,"column":null}}],"line":70},"11":{"loc":{"start":{"line":70,"column":16},"end":{"line":70,"column":50}},"type":"binary-expr","locations":[{"start":{"line":70,"column":16},"end":{"line":70,"column":24}},{"start":{"line":70,"column":24},"end":{"line":70,"column":50}}],"line":70},"12":{"loc":{"start":{"line":71,"column":16},"end":{"line":71,"column":null}},"type":"cond-expr","locations":[{"start":{"line":71,"column":51},"end":{"line":71,"column":61}},{"start":{"line":71,"column":61},"end":{"line":71,"column":null}}],"line":71},"13":{"loc":{"start":{"line":71,"column":16},"end":{"line":71,"column":51}},"type":"binary-expr","locations":[{"start":{"line":71,"column":16},"end":{"line":71,"column":24}},{"start":{"line":71,"column":24},"end":{"line":71,"column":51}}],"line":71},"14":{"loc":{"start":{"line":78,"column":11},"end":{"line":80,"column":null}},"type":"binary-expr","locations":[{"start":{"line":78,"column":11},"end":{"line":78,"column":19}},{"start":{"line":78,"column":19},"end":{"line":78,"column":null}},{"start":{"line":79,"column":12},"end":{"line":80,"column":null}}],"line":78},"15":{"loc":{"start":{"line":86,"column":9},"end":{"line":96,"column":null}},"type":"binary-expr","locations":[{"start":{"line":86,"column":9},"end":{"line":86,"column":null}},{"start":{"line":87,"column":10},"end":{"line":96,"column":null}}],"line":86},"16":{"loc":{"start":{"line":100,"column":9},"end":{"line":109,"column":null}},"type":"binary-expr","locations":[{"start":{"line":100,"column":9},"end":{"line":100,"column":null}},{"start":{"line":101,"column":10},"end":{"line":109,"column":null}}],"line":100}},"s":{"0":2,"1":23,"2":23,"3":23,"4":23,"5":2},"f":{"0":23},"b":{"0":[23],"1":[23],"2":[23],"3":[23],"4":[23,23],"5":[11,12],"6":[5,18],"7":[2,16],"8":[23,11],"9":[23,2,1],"10":[1,22],"11":[23,2],"12":[1,22],"13":[23,2],"14":[23,2,1],"15":[23,5],"16":[23,2]},"meta":{"lastBranch":17,"lastFunction":1,"lastStatement":6,"seen":{"s:15:13:115:Infinity":0,"f:15:21:15:Infinity":0,"b:21:16:21:Infinity":0,"b:23:21:23:Infinity":1,"b:24:18:24:Infinity":2,"b:25:13:25:Infinity":3,"s:31:20:31:Infinity":1,"b:31:20:31:27:31:27:31:Infinity":4,"b:31:35:31:75:31:78:31:Infinity":5,"s:33:27:37:Infinity":2,"s:39:27:39:Infinity":3,"b:39:35:39:45:39:45:39:Infinity":6,"b:39:55:39:67:39:67:39:Infinity":7,"s:41:4:112:Infinity":4,"b:43:9:43:Infinity:44:10:46:Infinity":8,"b:51:11:51:19:51:19:51:Infinity:52:12:54:Infinity":9,"b:70:50:70:60:70:60:70:Infinity":10,"b:70:16:70:24:70:24:70:50":11,"b:71:51:71:61:71:61:71:Infinity":12,"b:71:16:71:24:71:24:71:51":13,"b:78:11:78:19:78:19:78:Infinity:79:12:80:Infinity":14,"b:86:9:86:Infinity:87:10:96:Infinity":15,"b:100:9:100:Infinity:101:10:109:Infinity":16,"s:117:0:117:Infinity":5}}}
,"C:\\Users\\timpl\\OneDrive\\Рабочий стол\\моё (1)\\WWW\\gym-tracker\\src\\components\\Modal.tsx": {"path":"C:\\Users\\timpl\\OneDrive\\Рабочий стол\\моё (1)\\WWW\\gym-tracker\\src\\components\\Modal.tsx","statementMap":{"0":{"start":{"line":14,"column":2},"end":{"line":28,"column":null}},"1":{"start":{"line":15,"column":10},"end":{"line":16,"column":null}},"2":{"start":{"line":16,"column":6},"end":{"line":16,"column":null}},"3":{"start":{"line":16,"column":30},"end":{"line":16,"column":null}},"4":{"start":{"line":19,"column":4},"end":{"line":21,"column":null}},"5":{"start":{"line":20,"column":6},"end":{"line":20,"column":null}},"6":{"start":{"line":21,"column":6},"end":{"line":21,"column":null}},"7":{"start":{"line":24,"column":4},"end":{"line":26,"column":null}},"8":{"start":{"line":25,"column":6},"end":{"line":25,"column":null}},"9":{"start":{"line":26,"column":6},"end":{"line":26,"column":null}},"10":{"start":{"line":30,"column":2},"end":{"line":30,"column":null}},"11":{"start":{"line":30,"column":15},"end":{"line":30,"column":null}},"12":{"start":{"line":32,"column":22},"end":{"line":37,"column":null}},"13":{"start":{"line":39,"column":2},"end":{"line":87,"column":null}},"14":{"start":{"line":59,"column":26},"end":{"line":59,"column":45}}},"fnMap":{"0":{"name":"Modal","decl":{"start":{"line":12,"column":16},"end":{"line":12,"column":22}},"loc":{"start":{"line":12,"column":85},"end":{"line":87,"column":null}},"line":12},"1":{"name":"(anonymous_1)","decl":{"start":{"line":14,"column":2},"end":{"line":14,"column":18}},"loc":{"start":{"line":14,"column":18},"end":{"line":28,"column":6}},"line":14},"2":{"name":"(anonymous_2)","decl":{"start":{"line":15,"column":10},"end":{"line":15,"column":26}},"loc":{"start":{"line":15,"column":47},"end":{"line":16,"column":null}},"line":15},"3":{"name":"(anonymous_3)","decl":{"start":{"line":24,"column":4},"end":{"line":24,"column":17}},"loc":{"start":{"line":24,"column":17},"end":{"line":26,"column":null}},"line":24},"4":{"name":"(anonymous_4)","decl":{"start":{"line":59,"column":10},"end":{"line":59,"column":20}},"loc":{"start":{"line":59,"column":26},"end":{"line":59,"column":45}},"line":59}},"branchMap":{"0":{"loc":{"start":{"line":12,"column":58},"end":{"line":12,"column":85}},"type":"default-arg","locations":[{"start":{"line":12,"column":65},"end":{"line":12,"column":85}}],"line":12},"1":{"loc":{"start":{"line":16,"column":6},"end":{"line":16,"column":null}},"type":"if","locations":[{"start":{"line":16,"column":6},"end":{"line":16,"column":null}},{"start":{},"end":{}}],"line":16},"2":{"loc":{"start":{"line":19,"column":4},"end":{"line":21,"column":null}},"type":"if","locations":[{"start":{"line":19,"column":4},"end":{"line":21,"column":null}},{"start":{},"end":{}}],"line":19},"3":{"loc":{"start":{"line":30,"column":2},"end":{"line":30,"column":null}},"type":"if","locations":[{"start":{"line":30,"column":2},"end":{"line":30,"column":null}},{"start":{},"end":{}}],"line":30},"4":{"loc":{"start":{"line":62,"column":11},"end":{"line":78,"column":null}},"type":"binary-expr","locations":[{"start":{"line":62,"column":11},"end":{"line":62,"column":null}},{"start":{"line":63,"column":12},"end":{"line":78,"column":null}}],"line":62}},"s":{"0":8,"1":8,"2":0,"3":0,"4":8,"5":7,"6":7,"7":8,"8":8,"9":8,"10":8,"11":1,"12":7,"13":7,"14":1},"f":{"0":8,"1":8,"2":0,"3":8,"4":1},"b":{"0":[8],"1":[0,0],"2":[7,1],"3":[1,7],"4":[7,2]},"meta":{"lastBranch":5,"lastFunction":5,"lastStatement":15,"seen":{"f:12:16:12:22":0,"b:12:65:12:85":0,"s:14:2:28:Infinity":0,"f:14:2:14:18":1,"s:15:10:16:Infinity":1,"f:15:10:15:26":2,"b:16:6:16:Infinity:undefined:undefined:undefined:undefined":1,"s:16:6:16:Infinity":2,"s:16:30:16:Infinity":3,"b:19:4:21:Infinity:undefined:undefined:undefined:undefined":2,"s:19:4:21:Infinity":4,"s:20:6:20:Infinity":5,"s:21:6:21:Infinity":6,"s:24:4:26:Infinity":7,"f:24:4:24:17":3,"s:25:6:25:Infinity":8,"s:26:6:26:Infinity":9,"b:30:2:30:Infinity:undefined:undefined:undefined:undefined":3,"s:30:2:30:Infinity":10,"s:30:15:30:Infinity":11,"s:32:22:37:Infinity":12,"s:39:2:87:Infinity":13,"f:59:10:59:20":4,"s:59:26:59:45":14,"b:62:11:62:Infinity:63:12:78:Infinity":4}}}
,"C:\\Users\\timpl\\OneDrive\\Рабочий стол\\моё (1)\\WWW\\gym-tracker\\src\\components\\OAuthButtons.tsx": {"path":"C:\\Users\\timpl\\OneDrive\\Рабочий стол\\моё (1)\\WWW\\gym-tracker\\src\\components\\OAuthButtons.tsx","statementMap":{"0":{"start":{"line":6,"column":6},"end":{"line":12,"column":null}},"1":{"start":{"line":7,"column":2},"end":{"line":12,"column":null}},"2":{"start":{"line":15,"column":6},"end":{"line":18,"column":null}},"3":{"start":{"line":16,"column":2},"end":{"line":18,"column":null}},"4":{"start":{"line":24,"column":10},"end":{"line":24,"column":34}},"5":{"start":{"line":25,"column":10},"end":{"line":25,"column":29}},"6":{"start":{"line":27,"column":20},"end":{"line":29,"column":null}},"7":{"start":{"line":32,"column":2},"end":{"line":50,"column":null}},"8":{"start":{"line":41,"column":8},"end":{"line":48,"column":null}},"9":{"start":{"line":43,"column":25},"end":{"line":43,"column":41}}},"fnMap":{"0":{"name":"(anonymous_0)","decl":{"start":{"line":6,"column":6},"end":{"line":6,"column":null}},"loc":{"start":{"line":7,"column":2},"end":{"line":12,"column":null}},"line":7},"1":{"name":"(anonymous_1)","decl":{"start":{"line":15,"column":6},"end":{"line":15,"column":null}},"loc":{"start":{"line":16,"column":2},"end":{"line":18,"column":null}},"line":16},"2":{"name":"OAuthButtons","decl":{"start":{"line":23,"column":16},"end":{"line":23,"column":31}},"loc":{"start":{"line":23,"column":31},"end":{"line":50,"column":null}},"line":23},"3":{"name":"(anonymous_3)","decl":{"start":{"line":40,"column":17},"end":{"line":40,"column":21}},"loc":{"start":{"line":41,"column":8},"end":{"line":48,"column":null}},"line":41},"4":{"name":"(anonymous_4)","decl":{"start":{"line":43,"column":10},"end":{"line":43,"column":25}},"loc":{"start":{"line":43,"column":25},"end":{"line":43,"column":41}},"line":43}},"branchMap":{},"s":{"0":2,"1":52,"2":2,"3":52,"4":52,"5":52,"6":52,"7":52,"8":104,"9":0},"f":{"0":52,"1":52,"2":52,"3":104,"4":0},"b":{},"meta":{"lastBranch":0,"lastFunction":5,"lastStatement":10,"seen":{"s:6:6:12:Infinity":0,"f:6:6:6:Infinity":0,"s:7:2:12:Infinity":1,"s:15:6:18:Infinity":2,"f:15:6:15:Infinity":1,"s:16:2:18:Infinity":3,"f:23:16:23:31":2,"s:24:10:24:34":4,"s:25:10:25:29":5,"s:27:20:29:Infinity":6,"s:32:2:50:Infinity":7,"f:40:17:40:21":3,"s:41:8:48:Infinity":8,"f:43:10:43:25":4,"s:43:25:43:41":9}}}
,"C:\\Users\\timpl\\OneDrive\\Рабочий стол\\моё (1)\\WWW\\gym-tracker\\src\\components\\ProgressRing.tsx": {"path":"C:\\Users\\timpl\\OneDrive\\Рабочий стол\\моё (1)\\WWW\\gym-tracker\\src\\components\\ProgressRing.tsx","statementMap":{"0":{"start":{"line":16,"column":8},"end":{"line":16,"column":null}},"1":{"start":{"line":17,"column":24},"end":{"line":17,"column":null}},"2":{"start":{"line":18,"column":17},"end":{"line":18,"column":null}},"3":{"start":{"line":20,"column":2},"end":{"line":61,"column":null}}},"fnMap":{"0":{"name":"ProgressRing","decl":{"start":{"line":9,"column":16},"end":{"line":9,"column":29}},"loc":{"start":{"line":15,"column":22},"end":{"line":61,"column":null}},"line":15}},"branchMap":{"0":{"loc":{"start":{"line":11,"column":2},"end":{"line":11,"column":null}},"type":"default-arg","locations":[{"start":{"line":11,"column":9},"end":{"line":11,"column":null}}],"line":11},"1":{"loc":{"start":{"line":12,"column":2},"end":{"line":12,"column":null}},"type":"default-arg","locations":[{"start":{"line":12,"column":16},"end":{"line":12,"column":null}}],"line":12},"2":{"loc":{"start":{"line":14,"column":2},"end":{"line":14,"column":null}},"type":"default-arg","locations":[{"start":{"line":14,"column":19},"end":{"line":14,"column":null}}],"line":14},"3":{"loc":{"start":{"line":50,"column":9},"end":{"line":53,"column":null}},"type":"binary-expr","locations":[{"start":{"line":50,"column":9},"end":{"line":50,"column":null}},{"start":{"line":51,"column":10},"end":{"line":53,"column":null}}],"line":50},"4":{"loc":{"start":{"line":55,"column":9},"end":{"line":58,"column":null}},"type":"binary-expr","locations":[{"start":{"line":55,"column":9},"end":{"line":55,"column":null}},{"start":{"line":56,"column":10},"end":{"line":58,"column":null}}],"line":55}},"s":{"0":10,"1":10,"2":10,"3":10},"f":{"0":10},"b":{"0":[10],"1":[10],"2":[10],"3":[10,9],"4":[10,1]},"meta":{"lastBranch":5,"lastFunction":1,"lastStatement":4,"seen":{"f:9:16:9:29":0,"b:11:9:11:Infinity":0,"b:12:16:12:Infinity":1,"b:14:19:14:Infinity":2,"s:16:8:16:Infinity":0,"s:17:24:17:Infinity":1,"s:18:17:18:Infinity":2,"s:20:2:61:Infinity":3,"b:50:9:50:Infinity:51:10:53:Infinity":3,"b:55:9:55:Infinity:56:10:58:Infinity":4}}}
,"C:\\Users\\timpl\\OneDrive\\Рабочий стол\\моё (1)\\WWW\\gym-tracker\\src\\components\\Select.tsx": {"path":"C:\\Users\\timpl\\OneDrive\\Рабочий стол\\моё (1)\\WWW\\gym-tracker\\src\\components\\Select.tsx","statementMap":{"0":{"start":{"line":31,"column":17},"end":{"line":31,"column":45}},"1":{"start":{"line":32,"column":8},"end":{"line":32,"column":48}},"2":{"start":{"line":34,"column":25},"end":{"line":34,"column":67}},"3":{"start":{"line":34,"column":47},"end":{"line":34,"column":67}},"4":{"start":{"line":36,"column":2},"end":{"line":45,"column":null}},"5":{"start":{"line":37,"column":10},"end":{"line":39,"column":null}},"6":{"start":{"line":38,"column":6},"end":{"line":39,"column":null}},"7":{"start":{"line":39,"column":8},"end":{"line":39,"column":null}},"8":{"start":{"line":43,"column":4},"end":{"line":43,"column":null}},"9":{"start":{"line":44,"column":4},"end":{"line":44,"column":null}},"10":{"start":{"line":44,"column":17},"end":{"line":44,"column":78}},"11":{"start":{"line":47,"column":8},"end":{"line":49,"column":null}},"12":{"start":{"line":48,"column":4},"end":{"line":48,"column":null}},"13":{"start":{"line":49,"column":4},"end":{"line":49,"column":null}},"14":{"start":{"line":52,"column":2},"end":{"line":137,"column":null}},"15":{"start":{"line":64,"column":25},"end":{"line":64,"column":56}},"16":{"start":{"line":109,"column":14},"end":{"line":126,"column":null}},"17":{"start":{"line":112,"column":31},"end":{"line":112,"column":57}}},"fnMap":{"0":{"name":"Select","decl":{"start":{"line":21,"column":16},"end":{"line":21,"column":23}},"loc":{"start":{"line":30,"column":16},"end":{"line":137,"column":null}},"line":30},"1":{"name":"(anonymous_1)","decl":{"start":{"line":34,"column":33},"end":{"line":34,"column":39}},"loc":{"start":{"line":34,"column":47},"end":{"line":34,"column":67}},"line":34},"2":{"name":"(anonymous_2)","decl":{"start":{"line":36,"column":2},"end":{"line":36,"column":18}},"loc":{"start":{"line":36,"column":18},"end":{"line":45,"column":7}},"line":36},"3":{"name":"(anonymous_3)","decl":{"start":{"line":37,"column":10},"end":{"line":37,"column":32}},"loc":{"start":{"line":37,"column":54},"end":{"line":39,"column":null}},"line":37},"4":{"name":"(anonymous_4)","decl":{"start":{"line":44,"column":4},"end":{"line":44,"column":17}},"loc":{"start":{"line":44,"column":17},"end":{"line":44,"column":78}},"line":44},"5":{"name":"(anonymous_5)","decl":{"start":{"line":47,"column":8},"end":{"line":47,"column":24}},"loc":{"start":{"line":47,"column":48},"end":{"line":49,"column":null}},"line":47},"6":{"name":"(anonymous_6)","decl":{"start":{"line":64,"column":10},"end":{"line":64,"column":25}},"loc":{"start":{"line":64,"column":25},"end":{"line":64,"column":56}},"line":64},"7":{"name":"(anonymous_7)","decl":{"start":{"line":108,"column":21},"end":{"line":108,"column":26}},"loc":{"start":{"line":109,"column":14},"end":{"line":126,"column":null}},"line":109},"8":{"name":"(anonymous_8)","decl":{"start":{"line":112,"column":16},"end":{"line":112,"column":31}},"loc":{"start":{"line":112,"column":31},"end":{"line":112,"column":57}},"line":112}},"branchMap":{"0":{"loc":{"start":{"line":25,"column":2},"end":{"line":25,"column":null}},"type":"default-arg","locations":[{"start":{"line":25,"column":16},"end":{"line":25,"column":null}}],"line":25},"1":{"loc":{"start":{"line":28,"column":2},"end":{"line":28,"column":null}},"type":"default-arg","locations":[{"start":{"line":28,"column":13},"end":{"line":28,"column":null}}],"line":28},"2":{"loc":{"start":{"line":29,"column":2},"end":{"line":29,"column":null}},"type":"default-arg","locations":[{"start":{"line":29,"column":14},"end":{"line":29,"column":null}}],"line":29},"3":{"loc":{"start":{"line":38,"column":6},"end":{"line":39,"column":null}},"type":"if","locations":[{"start":{"line":38,"column":6},"end":{"line":39,"column":null}},{"start":{},"end":{}}],"line":38},"4":{"loc":{"start":{"line":38,"column":10},"end":{"line":38,"column":80}},"type":"binary-expr","locations":[{"start":{"line":38,"column":10},"end":{"line":38,"column":31}},{"start":{"line":38,"column":31},"end":{"line":38,"column":80}}],"line":38},"5":{"loc":{"start":{"line":54,"column":7},"end":{"line":57,"column":null}},"type":"binary-expr","locations":[{"start":{"line":54,"column":7},"end":{"line":54,"column":null}},{"start":{"line":55,"column":8},"end":{"line":57,"column":null}}],"line":54},"6":{"loc":{"start":{"line":64,"column":25},"end":{"line":64,"column":56}},"type":"binary-expr","locations":[{"start":{"line":64,"column":25},"end":{"line":64,"column":38}},{"start":{"line":64,"column":38},"end":{"line":64,"column":56}}],"line":64},"7":{"loc":{"start":{"line":69,"column":23},"end":{"line":69,"column":null}},"type":"cond-expr","locations":[{"start":{"line":69,"column":31},"end":{"line":69,"column":52}},{"start":{"line":69,"column":52},"end":{"line":69,"column":null}}],"line":69},"8":{"loc":{"start":{"line":76,"column":14},"end":{"line":76,"column":null}},"type":"cond-expr","locations":[{"start":{"line":76,"column":23},"end":{"line":76,"column":46}},{"start":{"line":76,"column":46},"end":{"line":76,"column":null}}],"line":76},"9":{"loc":{"start":{"line":80,"column":13},"end":{"line":80,"column":null}},"type":"binary-expr","locations":[{"start":{"line":80,"column":13},"end":{"line":80,"column":37}},{"start":{"line":80,"column":37},"end":{"line":80,"column":null}}],"line":80},"10":{"loc":{"start":{"line":81,"column":29},"end":{"line":81,"column":null}},"type":"cond-expr","locations":[{"start":{"line":81,"column":46},"end":{"line":81,"column":51}},{"start":{"line":81,"column":51},"end":{"line":81,"column":null}}],"line":81},"11":{"loc":{"start":{"line":82,"column":15},"end":{"line":82,"column":null}},"type":"binary-expr","locations":[{"start":{"line":82,"column":15},"end":{"line":82,"column":40}},{"start":{"line":82,"column":40},"end":{"line":82,"column":null}}],"line":82},"12":{"loc":{"start":{"line":87,"column":72},"end":{"line":87,"column":null}},"type":"cond-expr","locations":[{"start":{"line":87,"column":81},"end":{"line":87,"column":96}},{"start":{"line":87,"column":96},"end":{"line":87,"column":null}}],"line":87},"13":{"loc":{"start":{"line":97,"column":9},"end":{"line":128,"column":null}},"type":"binary-expr","locations":[{"start":{"line":97,"column":9},"end":{"line":97,"column":null}},{"start":{"line":98,"column":10},"end":{"line":128,"column":null}}],"line":97},"14":{"loc":{"start":{"line":118,"column":20},"end":{"line":120,"column":null}},"type":"cond-expr","locations":[{"start":{"line":119,"column":24},"end":{"line":119,"column":null}},{"start":{"line":120,"column":24},"end":{"line":120,"column":null}}],"line":118},"15":{"loc":{"start":{"line":124,"column":17},"end":{"line":124,"column":null}},"type":"binary-expr","locations":[{"start":{"line":124,"column":17},"end":{"line":124,"column":32}},{"start":{"line":124,"column":32},"end":{"line":124,"column":null}}],"line":124},"16":{"loc":{"start":{"line":132,"column":7},"end":{"line":134,"column":null}},"type":"binary-expr","locations":[{"start":{"line":132,"column":7},"end":{"line":132,"column":null}},{"start":{"line":133,"column":8},"end":{"line":134,"column":null}}],"line":132}},"s":{"0":14,"1":14,"2":14,"3":39,"4":14,"5":9,"6":0,"7":0,"8":9,"9":9,"10":9,"11":14,"12":2,"13":2,"14":14,"15":3,"16":9,"17":2},"f":{"0":14,"1":39,"2":9,"3":0,"4":9,"5":2,"6":3,"7":9,"8":2},"b":{"0":[14],"1":[14],"2":[14],"3":[0,0],"4":[0,0],"5":[14,1],"6":[3,3],"7":[1,13],"8":[3,11],"9":[14,1],"10":[2,12],"11":[14,12],"12":[3,11],"13":[14,3],"14":[0,9],"15":[9,0],"16":[14,1]},"meta":{"lastBranch":17,"lastFunction":9,"lastStatement":18,"seen":{"f:21:16:21:23":0,"b:25:16:25:Infinity":0,"b:28:13:28:Infinity":1,"b:29:14:29:Infinity":2,"s:31:17:31:45":0,"s:32:8:32:48":1,"s:34:25:34:67":2,"f:34:33:34:39":1,"s:34:47:34:67":3,"s:36:2:45:Infinity":4,"f:36:2:36:18":2,"s:37:10:39:Infinity":5,"f:37:10:37:32":3,"b:38:6:39:Infinity:undefined:undefined:undefined:undefined":3,"s:38:6:39:Infinity":6,"b:38:10:38:31:38:31:38:80":4,"s:39:8:39:Infinity":7,"s:43:4:43:Infinity":8,"s:44:4:44:Infinity":9,"f:44:4:44:17":4,"s:44:17:44:78":10,"s:47:8:49:Infinity":11,"f:47:8:47:24":5,"s:48:4:48:Infinity":12,"s:49:4:49:Infinity":13,"s:52:2:137:Infinity":14,"b:54:7:54:Infinity:55:8:57:Infinity":5,"f:64:10:64:25":6,"s:64:25:64:56":15,"b:64:25:64:38:64:38:64:56":6,"b:69:31:69:52:69:52:69:Infinity":7,"b:76:23:76:46:76:46:76:Infinity":8,"b:80:13:80:37:80:37:80:Infinity":9,"b:81:46:81:51:81:51:81:Infinity":10,"b:82:15:82:40:82:40:82:Infinity":11,"b:87:81:87:96:87:96:87:Infinity":12,"b:97:9:97:Infinity:98:10:128:Infinity":13,"f:108:21:108:26":7,"s:109:14:126:Infinity":16,"f:112:16:112:31":8,"s:112:31:112:57":17,"b:119:24:119:Infinity:120:24:120:Infinity":14,"b:124:17:124:32:124:32:124:Infinity":15,"b:132:7:132:Infinity:133:8:134:Infinity":16}}}
,"C:\\Users\\timpl\\OneDrive\\Рабочий стол\\моё (1)\\WWW\\gym-tracker\\src\\components\\Skeleton.tsx": {"path":"C:\\Users\\timpl\\OneDrive\\Рабочий стол\\моё (1)\\WWW\\gym-tracker\\src\\components\\Skeleton.tsx","statementMap":{"0":{"start":{"line":16,"column":25},"end":{"line":20,"column":null}},"1":{"start":{"line":22,"column":16},"end":{"line":25,"column":null}},"2":{"start":{"line":27,"column":2},"end":{"line":36,"column":null}},"3":{"start":{"line":42,"column":2},"end":{"line":48,"column":null}},"4":{"start":{"line":53,"column":2},"end":{"line":54,"column":null}}},"fnMap":{"0":{"name":"Skeleton","decl":{"start":{"line":10,"column":16},"end":{"line":10,"column":25}},"loc":{"start":{"line":15,"column":18},"end":{"line":36,"column":null}},"line":15},"1":{"name":"SkeletonCard","decl":{"start":{"line":41,"column":16},"end":{"line":41,"column":29}},"loc":{"start":{"line":41,"column":73},"end":{"line":48,"column":null}},"line":41},"2":{"name":"SkeletonAvatar","decl":{"start":{"line":52,"column":16},"end":{"line":52,"column":31}},"loc":{"start":{"line":52,"column":101},"end":{"line":54,"column":null}},"line":52}},"branchMap":{"0":{"loc":{"start":{"line":11,"column":2},"end":{"line":11,"column":null}},"type":"default-arg","locations":[{"start":{"line":11,"column":12},"end":{"line":11,"column":null}}],"line":11},"1":{"loc":{"start":{"line":14,"column":2},"end":{"line":14,"column":null}},"type":"default-arg","locations":[{"start":{"line":14,"column":14},"end":{"line":14,"column":null}}],"line":14},"2":{"loc":{"start":{"line":23,"column":11},"end":{"line":23,"column":null}},"type":"cond-expr","locations":[{"start":{"line":23,"column":20},"end":{"line":23,"column":72}},{"start":{"line":23,"column":72},"end":{"line":23,"column":null}}],"line":23},"3":{"loc":{"start":{"line":23,"column":20},"end":{"line":23,"column":72}},"type":"cond-expr","locations":[{"start":{"line":23,"column":48},"end":{"line":23,"column":63}},{"start":{"line":23,"column":63},"end":{"line":23,"column":72}}],"line":23},"4":{"loc":{"start":{"line":23,"column":72},"end":{"line":23,"column":null}},"type":"cond-expr","locations":[{"start":{"line":23,"column":93},"end":{"line":23,"column":102}},{"start":{"line":23,"column":102},"end":{"line":23,"column":null}}],"line":23},"5":{"loc":{"start":{"line":24,"column":12},"end":{"line":24,"column":null}},"type":"cond-expr","locations":[{"start":{"line":24,"column":22},"end":{"line":24,"column":77}},{"start":{"line":24,"column":77},"end":{"line":24,"column":null}}],"line":24},"6":{"loc":{"start":{"line":24,"column":22},"end":{"line":24,"column":77}},"type":"cond-expr","locations":[{"start":{"line":24,"column":51},"end":{"line":24,"column":67}},{"start":{"line":24,"column":67},"end":{"line":24,"column":77}}],"line":24},"7":{"loc":{"start":{"line":41,"column":31},"end":{"line":41,"column":73}},"type":"default-arg","locations":[{"start":{"line":41,"column":43},"end":{"line":41,"column":73}}],"line":41},"8":{"loc":{"start":{"line":52,"column":33},"end":{"line":52,"column":44}},"type":"default-arg","locations":[{"start":{"line":52,"column":40},"end":{"line":52,"column":44}}],"line":52},"9":{"loc":{"start":{"line":52,"column":44},"end":{"line":52,"column":101}},"type":"default-arg","locations":[{"start":{"line":52,"column":56},"end":{"line":52,"column":101}}],"line":52}},"s":{"0":16,"1":16,"2":16,"3":2,"4":2},"f":{"0":16,"1":2,"2":2},"b":{"0":[16],"1":[16],"2":[7,9],"3":[3,4],"4":[5,4],"5":[5,11],"6":[5,0],"7":[2],"8":[2],"9":[2]},"meta":{"lastBranch":10,"lastFunction":3,"lastStatement":5,"seen":{"f:10:16:10:25":0,"b:11:12:11:Infinity":0,"b:14:14:14:Infinity":1,"s:16:25:20:Infinity":0,"s:22:16:25:Infinity":1,"b:23:20:23:72:23:72:23:Infinity":2,"b:23:48:23:63:23:63:23:72":3,"b:23:93:23:102:23:102:23:Infinity":4,"b:24:22:24:77:24:77:24:Infinity":5,"b:24:51:24:67:24:67:24:77":6,"s:27:2:36:Infinity":2,"f:41:16:41:29":1,"b:41:43:41:73":7,"s:42:2:48:Infinity":3,"f:52:16:52:31":2,"b:52:40:52:44":8,"b:52:56:52:101":9,"s:53:2:54:Infinity":4}}}
,"C:\\Users\\timpl\\OneDrive\\Рабочий стол\\моё (1)\\WWW\\gym-tracker\\src\\components\\Spinner.tsx": {"path":"C:\\Users\\timpl\\OneDrive\\Рабочий стол\\моё (1)\\WWW\\gym-tracker\\src\\components\\Spinner.tsx","statementMap":{"0":{"start":{"line":11,"column":22},"end":{"line":16,"column":null}},"1":{"start":{"line":18,"column":25},"end":{"line":22,"column":null}},"2":{"start":{"line":24,"column":2},"end":{"line":46,"column":null}}},"fnMap":{"0":{"name":"Spinner","decl":{"start":{"line":10,"column":16},"end":{"line":10,"column":24}},"loc":{"start":{"line":10,"column":92},"end":{"line":46,"column":null}},"line":10}},"branchMap":{"0":{"loc":{"start":{"line":10,"column":26},"end":{"line":10,"column":39}},"type":"default-arg","locations":[{"start":{"line":10,"column":33},"end":{"line":10,"column":39}}],"line":10},"1":{"loc":{"start":{"line":10,"column":39},"end":{"line":10,"column":60}},"type":"default-arg","locations":[{"start":{"line":10,"column":49},"end":{"line":10,"column":60}}],"line":10},"2":{"loc":{"start":{"line":10,"column":60},"end":{"line":10,"column":92}},"type":"default-arg","locations":[{"start":{"line":10,"column":72},"end":{"line":10,"column":92}}],"line":10}},"s":{"0":10,"1":10,"2":10},"f":{"0":10},"b":{"0":[10],"1":[10],"2":[10]},"meta":{"lastBranch":3,"lastFunction":1,"lastStatement":3,"seen":{"f:10:16:10:24":0,"b:10:33:10:39":0,"b:10:49:10:60":1,"b:10:72:10:92":2,"s:11:22:16:Infinity":0,"s:18:25:22:Infinity":1,"s:24:2:46:Infinity":2}}}
,"C:\\Users\\timpl\\OneDrive\\Рабочий стол\\моё (1)\\WWW\\gym-tracker\\src\\components\\StatCard.tsx": {"path":"C:\\Users\\timpl\\OneDrive\\Рабочий стол\\моё (1)\\WWW\\gym-tracker\\src\\components\\StatCard.tsx","statementMap":{"0":{"start":{"line":18,"column":21},"end":{"line":34,"column":null}},"1":{"start":{"line":36,"column":22},"end":{"line":40,"column":null}},"2":{"start":{"line":42,"column":2},"end":{"line":91,"column":null}}},"fnMap":{"0":{"name":"StatCard","decl":{"start":{"line":17,"column":16},"end":{"line":17,"column":25}},"loc":{"start":{"line":17,"column":97},"end":{"line":91,"column":null}},"line":17}},"branchMap":{"0":{"loc":{"start":{"line":17,"column":64},"end":{"line":17,"column":97}},"type":"default-arg","locations":[{"start":{"line":17,"column":76},"end":{"line":17,"column":97}}],"line":17},"1":{"loc":{"start":{"line":66,"column":11},"end":{"line":69,"column":null}},"type":"binary-expr","locations":[{"start":{"line":66,"column":11},"end":{"line":66,"column":null}},{"start":{"line":67,"column":12},"end":{"line":69,"column":null}}],"line":66},"2":{"loc":{"start":{"line":73,"column":11},"end":{"line":79,"column":null}},"type":"binary-expr","locations":[{"start":{"line":73,"column":11},"end":{"line":73,"column":null}},{"start":{"line":74,"column":12},"end":{"line":79,"column":null}}],"line":73},"3":{"loc":{"start":{"line":85,"column":9},"end":{"line":88,"column":null}},"type":"binary-expr","locations":[{"start":{"line":85,"column":9},"end":{"line":85,"column":null}},{"start":{"line":86,"column":10},"end":{"line":88,"column":null}}],"line":85}},"s":{"0":9,"1":9,"2":9},"f":{"0":9},"b":{"0":[9],"1":[9,1],"2":[9,3],"3":[9,1]},"meta":{"lastBranch":4,"lastFunction":1,"lastStatement":3,"seen":{"f:17:16:17:25":0,"b:17:76:17:97":0,"s:18:21:34:Infinity":0,"s:36:22:40:Infinity":1,"s:42:2:91:Infinity":2,"b:66:11:66:Infinity:67:12:69:Infinity":1,"b:73:11:73:Infinity:74:12:79:Infinity":2,"b:85:9:85:Infinity:86:10:88:Infinity":3}}}
,"C:\\Users\\timpl\\OneDrive\\Рабочий стол\\моё (1)\\WWW\\gym-tracker\\src\\components\\SwipeExerciseCard.tsx": {"path":"C:\\Users\\timpl\\OneDrive\\Рабочий стол\\моё (1)\\WWW\\gym-tracker\\src\\components\\SwipeExerciseCard.tsx","statementMap":{"0":{"start":{"line":5,"column":24},"end":{"line":5,"column":null}},"1":{"start":{"line":6,"column":22},"end":{"line":6,"column":null}},"2":{"start":{"line":23,"column":18},"end":{"line":23,"column":43}},"3":{"start":{"line":24,"column":8},"end":{"line":24,"column":29}},"4":{"start":{"line":25,"column":8},"end":{"line":25,"column":29}},"5":{"start":{"line":26,"column":8},"end":{"line":26,"column":34}},"6":{"start":{"line":27,"column":8},"end":{"line":27,"column":32}},"7":{"start":{"line":29,"column":8},"end":{"line":33,"column":null}},"8":{"start":{"line":30,"column":4},"end":{"line":30,"column":null}},"9":{"start":{"line":31,"column":4},"end":{"line":31,"column":null}},"10":{"start":{"line":32,"column":4},"end":{"line":32,"column":null}},"11":{"start":{"line":33,"column":4},"end":{"line":33,"column":null}},"12":{"start":{"line":35,"column":8},"end":{"line":39,"column":null}},"13":{"start":{"line":36,"column":4},"end":{"line":36,"column":null}},"14":{"start":{"line":36,"column":29},"end":{"line":36,"column":null}},"15":{"start":{"line":37,"column":15},"end":{"line":37,"column":null}},"16":{"start":{"line":38,"column":4},"end":{"line":38,"column":null}},"17":{"start":{"line":38,"column":38},"end":{"line":38,"column":null}},"18":{"start":{"line":39,"column":4},"end":{"line":39,"column":null}},"19":{"start":{"line":41,"column":8},"end":{"line":47,"column":null}},"20":{"start":{"line":42,"column":4},"end":{"line":42,"column":null}},"21":{"start":{"line":43,"column":4},"end":{"line":47,"column":null}},"22":{"start":{"line":43,"column":37},"end":{"line":43,"column":null}},"23":{"start":{"line":44,"column":13},"end":{"line":47,"column":null}},"24":{"start":{"line":44,"column":43},"end":{"line":44,"column":null}},"25":{"start":{"line":46,"column":6},"end":{"line":46,"column":null}},"26":{"start":{"line":47,"column":6},"end":{"line":47,"column":null}},"27":{"start":{"line":47,"column":29},"end":{"line":47,"column":null}},"28":{"start":{"line":51,"column":24},"end":{"line":51,"column":null}},"29":{"start":{"line":51,"column":50},"end":{"line":51,"column":62}},"30":{"start":{"line":52,"column":20},"end":{"line":52,"column":null}},"31":{"start":{"line":54,"column":2},"end":{"line":131,"column":null}},"32":{"start":{"line":61,"column":33},"end":{"line":61,"column":48}},"33":{"start":{"line":61,"column":48},"end":{"line":61,"column":62}},"34":{"start":{"line":71,"column":33},"end":{"line":71,"column":48}},"35":{"start":{"line":71,"column":48},"end":{"line":71,"column":63}},"36":{"start":{"line":83,"column":25},"end":{"line":83,"column":null}},"37":{"start":{"line":83,"column":44},"end":{"line":83,"column":null}},"38":{"start":{"line":103,"column":35},"end":{"line":103,"column":54}},"39":{"start":{"line":104,"column":33},"end":{"line":104,"column":52}},"40":{"start":{"line":105,"column":32},"end":{"line":105,"column":53}},"41":{"start":{"line":105,"column":53},"end":{"line":105,"column":null}},"42":{"start":{"line":114,"column":30},"end":{"line":114,"column":51}},"43":{"start":{"line":114,"column":51},"end":{"line":114,"column":null}}},"fnMap":{"0":{"name":"SwipeExerciseCard","decl":{"start":{"line":14,"column":16},"end":{"line":14,"column":34}},"loc":{"start":{"line":22,"column":3},"end":{"line":131,"column":null}},"line":22},"1":{"name":"(anonymous_1)","decl":{"start":{"line":29,"column":8},"end":{"line":29,"column":28}},"loc":{"start":{"line":29,"column":52},"end":{"line":33,"column":null}},"line":29},"2":{"name":"(anonymous_2)","decl":{"start":{"line":35,"column":8},"end":{"line":35,"column":27}},"loc":{"start":{"line":35,"column":51},"end":{"line":39,"column":null}},"line":35},"3":{"name":"(anonymous_3)","decl":{"start":{"line":41,"column":8},"end":{"line":41,"column":31}},"loc":{"start":{"line":41,"column":31},"end":{"line":47,"column":null}},"line":41},"4":{"name":"(anonymous_4)","decl":{"start":{"line":51,"column":38},"end":{"line":51,"column":45}},"loc":{"start":{"line":51,"column":50},"end":{"line":51,"column":62}},"line":51},"5":{"name":"(anonymous_5)","decl":{"start":{"line":61,"column":16},"end":{"line":61,"column":31}},"loc":{"start":{"line":61,"column":31},"end":{"line":61,"column":62}},"line":61},"6":{"name":"(anonymous_6)","decl":{"start":{"line":71,"column":16},"end":{"line":71,"column":31}},"loc":{"start":{"line":71,"column":31},"end":{"line":71,"column":63}},"line":71},"7":{"name":"(anonymous_7)","decl":{"start":{"line":83,"column":8},"end":{"line":83,"column":23}},"loc":{"start":{"line":83,"column":23},"end":{"line":83,"column":null}},"line":83},"8":{"name":"(anonymous_8)","decl":{"start":{"line":103,"column":14},"end":{"line":103,"column":29}},"loc":{"start":{"line":103,"column":35},"end":{"line":103,"column":54}},"line":103},"9":{"name":"(anonymous_9)","decl":{"start":{"line":104,"column":14},"end":{"line":104,"column":27}},"loc":{"start":{"line":104,"column":33},"end":{"line":104,"column":52}},"line":104},"10":{"name":"(anonymous_10)","decl":{"start":{"line":105,"column":14},"end":{"line":105,"column":24}},"loc":{"start":{"line":105,"column":30},"end":{"line":105,"column":null}},"line":105},"11":{"name":"(anonymous_11)","decl":{"start":{"line":114,"column":12},"end":{"line":114,"column":22}},"loc":{"start":{"line":114,"column":28},"end":{"line":114,"column":null}},"line":114}},"branchMap":{"0":{"loc":{"start":{"line":36,"column":4},"end":{"line":36,"column":null}},"type":"if","locations":[{"start":{"line":36,"column":4},"end":{"line":36,"column":null}},{"start":{},"end":{}}],"line":36},"1":{"loc":{"start":{"line":38,"column":4},"end":{"line":38,"column":null}},"type":"if","locations":[{"start":{"line":38,"column":4},"end":{"line":38,"column":null}},{"start":{},"end":{}}],"line":38},"2":{"loc":{"start":{"line":43,"column":4},"end":{"line":47,"column":null}},"type":"if","locations":[{"start":{"line":43,"column":4},"end":{"line":47,"column":null}},{"start":{"line":44,"column":13},"end":{"line":47,"column":null}}],"line":43},"3":{"loc":{"start":{"line":44,"column":13},"end":{"line":47,"column":null}},"type":"if","locations":[{"start":{"line":44,"column":13},"end":{"line":47,"column":null}},{"start":{"line":45,"column":9},"end":{"line":47,"column":null}}],"line":44},"4":{"loc":{"start":{"line":47,"column":6},"end":{"line":47,"column":null}},"type":"if","locations":[{"start":{"line":47,"column":6},"end":{"line":47,"column":null}},{"start":{},"end":{}}],"line":47},"5":{"loc":{"start":{"line":59,"column":26},"end":{"line":59,"column":71}},"type":"cond-expr","locations":[{"start":{"line":59,"column":40},"end":{"line":59,"column":65}},{"start":{"line":59,"column":68},"end":{"line":59,"column":71}}],"line":59},"6":{"loc":{"start":{"line":59,"column":86},"end":{"line":59,"column":117}},"type":"cond-expr","locations":[{"start":{"line":59,"column":100},"end":{"line":59,"column":109}},{"start":{"line":59,"column":109},"end":{"line":59,"column":117}}],"line":59},"7":{"loc":{"start":{"line":63,"column":53},"end":{"line":63,"column":83}},"type":"binary-expr","locations":[{"start":{"line":63,"column":53},"end":{"line":63,"column":68}},{"start":{"line":63,"column":68},"end":{"line":63,"column":83}}],"line":63},"8":{"loc":{"start":{"line":69,"column":26},"end":{"line":69,"column":72}},"type":"cond-expr","locations":[{"start":{"line":69,"column":40},"end":{"line":69,"column":66}},{"start":{"line":69,"column":69},"end":{"line":69,"column":72}}],"line":69},"9":{"loc":{"start":{"line":69,"column":87},"end":{"line":69,"column":118}},"type":"cond-expr","locations":[{"start":{"line":69,"column":101},"end":{"line":69,"column":110}},{"start":{"line":69,"column":110},"end":{"line":69,"column":118}}],"line":69},"10":{"loc":{"start":{"line":79,"column":68},"end":{"line":79,"column":122}},"type":"cond-expr","locations":[{"start":{"line":79,"column":89},"end":{"line":79,"column":98}},{"start":{"line":79,"column":98},"end":{"line":79,"column":122}}],"line":79},"11":{"loc":{"start":{"line":83,"column":25},"end":{"line":83,"column":null}},"type":"if","locations":[{"start":{"line":83,"column":25},"end":{"line":83,"column":null}},{"start":{},"end":{}}],"line":83},"12":{"loc":{"start":{"line":89,"column":15},"end":{"line":92,"column":null}},"type":"binary-expr","locations":[{"start":{"line":89,"column":15},"end":{"line":89,"column":32}},{"start":{"line":89,"column":32},"end":{"line":89,"column":null}},{"start":{"line":90,"column":16},"end":{"line":92,"column":null}}],"line":89},"13":{"loc":{"start":{"line":91,"column":20},"end":{"line":91,"column":null}},"type":"binary-expr","locations":[{"start":{"line":91,"column":20},"end":{"line":91,"column":67}},{"start":{"line":91,"column":67},"end":{"line":91,"column":null}}],"line":91},"14":{"loc":{"start":{"line":96,"column":43},"end":{"line":96,"column":null}},"type":"binary-expr","locations":[{"start":{"line":96,"column":43},"end":{"line":96,"column":60}},{"start":{"line":96,"column":60},"end":{"line":96,"column":null}}],"line":96},"15":{"loc":{"start":{"line":97,"column":15},"end":{"line":97,"column":null}},"type":"cond-expr","locations":[{"start":{"line":97,"column":42},"end":{"line":97,"column":89}},{"start":{"line":97,"column":89},"end":{"line":97,"column":null}}],"line":97},"16":{"loc":{"start":{"line":101,"column":11},"end":{"line":110,"column":null}},"type":"binary-expr","locations":[{"start":{"line":101,"column":11},"end":{"line":101,"column":null}},{"start":{"line":102,"column":12},"end":{"line":110,"column":null}}],"line":101},"17":{"loc":{"start":{"line":125,"column":36},"end":{"line":125,"column":91}},"type":"cond-expr","locations":[{"start":{"line":125,"column":53},"end":{"line":125,"column":89}},{"start":{"line":125,"column":89},"end":{"line":125,"column":91}}],"line":125}},"s":{"0":2,"1":2,"2":27,"3":27,"4":27,"5":27,"6":27,"7":27,"8":5,"9":5,"10":5,"11":5,"12":27,"13":4,"14":0,"15":4,"16":4,"17":4,"18":4,"19":27,"20":5,"21":5,"22":2,"23":3,"24":2,"25":1,"26":1,"27":1,"28":27,"29":51,"30":27,"31":27,"32":1,"33":1,"34":1,"35":1,"36":1,"37":1,"38":0,"39":0,"40":1,"41":1,"42":1,"43":1},"f":{"0":27,"1":5,"2":4,"3":5,"4":51,"5":1,"6":1,"7":1,"8":0,"9":0,"10":1,"11":1},"b":{"0":[0,4],"1":[4,0],"2":[2,3],"3":[2,1],"4":[1,0],"5":[4,23],"6":[4,23],"7":[27,0],"8":[4,23],"9":[4,23],"10":[4,23],"11":[1,0],"12":[27,26,2],"13":[2,0],"14":[27,0],"15":[25,2],"16":[27,24],"17":[26,1]},"meta":{"lastBranch":18,"lastFunction":12,"lastStatement":44,"seen":{"s:5:24:5:Infinity":0,"s:6:22:6:Infinity":1,"f:14:16:14:34":0,"s:23:18:23:43":2,"s:24:8:24:29":3,"s:25:8:25:29":4,"s:26:8:26:34":5,"s:27:8:27:32":6,"s:29:8:33:Infinity":7,"f:29:8:29:28":1,"s:30:4:30:Infinity":8,"s:31:4:31:Infinity":9,"s:32:4:32:Infinity":10,"s:33:4:33:Infinity":11,"s:35:8:39:Infinity":12,"f:35:8:35:27":2,"b:36:4:36:Infinity:undefined:undefined:undefined:undefined":0,"s:36:4:36:Infinity":13,"s:36:29:36:Infinity":14,"s:37:15:37:Infinity":15,"b:38:4:38:Infinity:undefined:undefined:undefined:undefined":1,"s:38:4:38:Infinity":16,"s:38:38:38:Infinity":17,"s:39:4:39:Infinity":18,"s:41:8:47:Infinity":19,"f:41:8:41:31":3,"s:42:4:42:Infinity":20,"b:43:4:47:Infinity:44:13:47:Infinity":2,"s:43:4:47:Infinity":21,"s:43:37:43:Infinity":22,"b:44:13:47:Infinity:45:9:47:Infinity":3,"s:44:13:47:Infinity":23,"s:44:43:44:Infinity":24,"s:46:6:46:Infinity":25,"b:47:6:47:Infinity:undefined:undefined:undefined:undefined":4,"s:47:6:47:Infinity":26,"s:47:29:47:Infinity":27,"s:51:24:51:Infinity":28,"f:51:38:51:45":4,"s:51:50:51:62":29,"s:52:20:52:Infinity":30,"s:54:2:131:Infinity":31,"b:59:40:59:65:59:68:59:71":5,"b:59:100:59:109:59:109:59:117":6,"f:61:16:61:31":5,"s:61:33:61:48":32,"s:61:48:61:62":33,"b:63:53:63:68:63:68:63:83":7,"b:69:40:69:66:69:69:69:72":8,"b:69:101:69:110:69:110:69:118":9,"f:71:16:71:31":6,"s:71:33:71:48":34,"s:71:48:71:63":35,"b:79:89:79:98:79:98:79:122":10,"f:83:8:83:23":7,"b:83:25:83:Infinity:undefined:undefined:undefined:undefined":11,"s:83:25:83:Infinity":36,"s:83:44:83:Infinity":37,"b:89:15:89:32:89:32:89:Infinity:90:16:92:Infinity":12,"b:91:20:91:67:91:67:91:Infinity":13,"b:96:43:96:60:96:60:96:Infinity":14,"b:97:42:97:89:97:89:97:Infinity":15,"b:101:11:101:Infinity:102:12:110:Infinity":16,"f:103:14:103:29":8,"s:103:35:103:54":38,"f:104:14:104:27":9,"s:104:33:104:52":39,"f:105:14:105:24":10,"s:105:32:105:53":40,"s:105:53:105:Infinity":41,"f:114:12:114:22":11,"s:114:30:114:51":42,"s:114:51:114:Infinity":43,"b:125:53:125:89:125:89:125:91":17}}}
,"C:\\Users\\timpl\\OneDrive\\Рабочий стол\\моё (1)\\WWW\\gym-tracker\\src\\components\\Switch.tsx": {"path":"C:\\Users\\timpl\\OneDrive\\Рабочий стол\\моё (1)\\WWW\\gym-tracker\\src\\components\\Switch.tsx","statementMap":{"0":{"start":{"line":18,"column":26},"end":{"line":18,"column":63}},"1":{"start":{"line":20,"column":23},"end":{"line":20,"column":null}},"2":{"start":{"line":21,"column":18},"end":{"line":21,"column":null}},"3":{"start":{"line":23,"column":8},"end":{"line":30,"column":null}},"4":{"start":{"line":24,"column":4},"end":{"line":24,"column":null}},"5":{"start":{"line":24,"column":18},"end":{"line":24,"column":null}},"6":{"start":{"line":26,"column":21},"end":{"line":26,"column":null}},"7":{"start":{"line":27,"column":4},"end":{"line":28,"column":null}},"8":{"start":{"line":28,"column":6},"end":{"line":28,"column":null}},"9":{"start":{"line":30,"column":4},"end":{"line":30,"column":null}},"10":{"start":{"line":33,"column":2},"end":{"line":62,"column":null}}},"fnMap":{"0":{"name":"Switch","decl":{"start":{"line":11,"column":16},"end":{"line":11,"column":23}},"loc":{"start":{"line":17,"column":16},"end":{"line":62,"column":null}},"line":17},"1":{"name":"(anonymous_1)","decl":{"start":{"line":23,"column":8},"end":{"line":23,"column":29}},"loc":{"start":{"line":23,"column":29},"end":{"line":30,"column":null}},"line":23}},"branchMap":{"0":{"loc":{"start":{"line":14,"column":2},"end":{"line":14,"column":null}},"type":"default-arg","locations":[{"start":{"line":14,"column":13},"end":{"line":14,"column":null}}],"line":14},"1":{"loc":{"start":{"line":16,"column":2},"end":{"line":16,"column":null}},"type":"default-arg","locations":[{"start":{"line":16,"column":14},"end":{"line":16,"column":null}}],"line":16},"2":{"loc":{"start":{"line":21,"column":18},"end":{"line":21,"column":null}},"type":"cond-expr","locations":[{"start":{"line":21,"column":33},"end":{"line":21,"column":53}},{"start":{"line":21,"column":53},"end":{"line":21,"column":null}}],"line":21},"3":{"loc":{"start":{"line":24,"column":4},"end":{"line":24,"column":null}},"type":"if","locations":[{"start":{"line":24,"column":4},"end":{"line":24,"column":null}},{"start":{},"end":{}}],"line":24},"4":{"loc":{"start":{"line":27,"column":4},"end":{"line":28,"column":null}},"type":"if","locations":[{"start":{"line":27,"column":4},"end":{"line":28,"column":null}},{"start":{},"end":{}}],"line":27},"5":{"loc":{"start":{"line":34,"column":71},"end":{"line":34,"column":119}},"type":"cond-expr","locations":[{"start":{"line":34,"column":82},"end":{"line":34,"column":116}},{"start":{"line":34,"column":116},"end":{"line":34,"column":119}}],"line":34},"6":{"loc":{"start":{"line":35,"column":7},"end":{"line":38,"column":null}},"type":"binary-expr","locations":[{"start":{"line":35,"column":7},"end":{"line":35,"column":null}},{"start":{"line":36,"column":8},"end":{"line":38,"column":null}}],"line":35},"7":{"loc":{"start":{"line":46,"column":12},"end":{"line":48,"column":null}},"type":"cond-expr","locations":[{"start":{"line":47,"column":14},"end":{"line":47,"column":null}},{"start":{"line":48,"column":14},"end":{"line":48,"column":null}}],"line":46},"8":{"loc":{"start":{"line":50,"column":12},"end":{"line":50,"column":null}},"type":"cond-expr","locations":[{"start":{"line":50,"column":23},"end":{"line":50,"column":46}},{"start":{"line":50,"column":46},"end":{"line":50,"column":null}}],"line":50},"9":{"loc":{"start":{"line":58,"column":14},"end":{"line":58,"column":null}},"type":"cond-expr","locations":[{"start":{"line":58,"column":24},"end":{"line":58,"column":42}},{"start":{"line":58,"column":42},"end":{"line":58,"column":null}}],"line":58}},"s":{"0":11,"1":11,"2":11,"3":11,"4":4,"5":1,"6":3,"7":3,"8":3,"9":3,"10":11},"f":{"0":11,"1":4},"b":{"0":[11],"1":[11],"2":[2,9],"3":[1,3],"4":[3,0],"5":[2,9],"6":[11,2],"7":[3,8],"8":[2,9],"9":[3,8]},"meta":{"lastBranch":10,"lastFunction":2,"lastStatement":11,"seen":{"f:11:16:11:23":0,"b:14:13:14:Infinity":0,"b:16:14:16:Infinity":1,"s:18:26:18:63":0,"s:20:23:20:Infinity":1,"s:21:18:21:Infinity":2,"b:21:33:21:53:21:53:21:Infinity":2,"s:23:8:30:Infinity":3,"f:23:8:23:29":1,"b:24:4:24:Infinity:undefined:undefined:undefined:undefined":3,"s:24:4:24:Infinity":4,"s:24:18:24:Infinity":5,"s:26:21:26:Infinity":6,"b:27:4:28:Infinity:undefined:undefined:undefined:undefined":4,"s:27:4:28:Infinity":7,"s:28:6:28:Infinity":8,"s:30:4:30:Infinity":9,"s:33:2:62:Infinity":10,"b:34:82:34:116:34:116:34:119":5,"b:35:7:35:Infinity:36:8:38:Infinity":6,"b:47:14:47:Infinity:48:14:48:Infinity":7,"b:50:23:50:46:50:46:50:Infinity":8,"b:58:24:58:42:58:42:58:Infinity":9}}}
[...]
50":0,"51":2,"52":2,"53":1,"54":2,"55":1,"56":1,"57":1,"58":1,"59":1,"60":1,"61":1,"62":1,"63":1,"64":1,"65":0,"66":1,"67":1,"68":1,"69":1,"70":1,"71":1,"72":1,"73":1,"74":1,"75":0,"76":0,"77":0,"78":0,"79":0,"80":0,"81":0,"82":0,"83":2,"84":2,"85":1,"86":2,"87":1,"88":1,"89":1,"90":2,"91":2,"92":2,"93":2,"94":1,"95":2,"96":1,"97":1,"98":1,"99":1,"100":1,"101":1,"102":2,"103":2,"104":2,"105":2,"106":2,"107":2,"108":0,"109":0,"110":0,"111":0,"112":0,"113":0,"114":0,"115":1,"116":2,"117":2,"118":2,"119":2,"120":2,"121":2,"122":2,"123":2,"124":2,"125":2,"126":2},"f":{"0":6,"1":25,"2":9,"3":3,"4":3,"5":0,"6":0,"7":2,"8":12,"9":9,"10":6,"11":0,"12":0,"13":0,"14":6,"15":0,"16":0,"17":2,"18":1,"19":1,"20":1,"21":0,"22":0,"23":2,"24":1,"25":2,"26":2,"27":2,"28":1,"29":2,"30":2,"31":2,"32":2},"b":{"0":[14,11],"1":[3,2],"2":[3,2],"3":[0,0],"4":[2],"5":[0,0],"6":[0,0],"7":[6,0],"8":[6,5],"9":[6,6],"10":[0,0],"11":[1,1],"12":[0,1],"13":[0,0],"14":[1,1],"15":[1,1],"16":[2,0],"17":[0,0],"18":[0,0],"19":[0,0],"20":[2,2,2],"21":[2,0],"22":[2,0],"23":[1,1]},"meta":{"lastBranch":24,"lastFunction":33,"lastStatement":127,"seen":{"s:3:20:3:Infinity":0,"f:6:9:6:25":0,"s:7:12:7:26":1,"s:8:2:8:Infinity":2,"f:12:16:12:44":1,"s:13:2:18:Infinity":3,"s:14:17:14:50":4,"s:15:4:15:Infinity":5,"b:15:18:15:34:15:37:15:39":0,"s:17:4:17:Infinity":6,"s:18:4:18:Infinity":7,"f:23:9:23:22":2,"s:24:2:28:Infinity":8,"s:25:4:25:Infinity":9,"s:27:4:27:Infinity":10,"s:28:4:28:Infinity":11,"f:33:16:33:50":3,"s:34:19:34:35":12,"s:35:16:35:26":13,"s:36:2:36:Infinity":14,"s:38:2:42:Infinity":15,"b:38:9:42:8:42:8:42:Infinity":1,"f:38:18:38:23":4,"s:39:24:39:40":16,"s:40:4:40:Infinity":17,"s:41:4:41:Infinity":18,"b:41:11:41:52:41:56:41:Infinity":2,"f:46:16:46:45":5,"s:47:19:47:35":19,"s:48:16:48:26":20,"s:49:18:49:33":21,"s:50:2:50:Infinity":22,"s:52:2:55:Infinity":23,"f:52:18:52:25":6,"s:53:24:53:40":24,"s:54:4:54:Infinity":25,"b:54:11:54:37:54:37:54:Infinity":3,"f:59:16:59:34":7,"b:59:50:59:72":4,"s:60:19:60:35":26,"s:62:2:74:Infinity":27,"f:63:5:63:12":8,"s:63:17:63:42":28,"f:64:5:64:11":9,"s:64:20:64:75":29,"f:66:5:66:9":10,"s:66:15:74:7":30,"f:78:16:78:37":11,"s:79:19:79:35":31,"s:80:18:80:56":32,"s:82:2:103:Infinity":33,"f:83:5:83:12":12,"s:84:19:84:35":34,"s:85:6:85:Infinity":35,"b:85:13:85:44:85:44:85:Infinity":5,"f:87:5:87:13":13,"s:88:22:88:45":36,"b:89:6:94:Infinity:undefined:undefined:undefined:undefined":6,"s:89:6:94:Infinity":37,"s:90:8:94:Infinity":38,"s:96:19:96:39":39,"s:97:6:101:Infinity":40,"s:102:6:102:Infinity":41,"s:105:2:105:Infinity":42,"f:109:16:109:30":14,"s:110:19:110:35":43,"s:112:30:122:Infinity":44,"b:114:10:114:24:114:24:114:Infinity":7,"b:115:10:115:24:115:24:115:34":8,"b:117:15:117:34:117:34:117:36":9,"s:124:2:124:Infinity":45,"s:125:2:125:Infinity":46,"s:127:2:127:Infinity":47,"f:131:16:131:31":15,"s:132:19:132:35":48,"s:133:2:133:Infinity":49,"b:133:9:133:40:133:44:133:Infinity":10,"f:133:18:133:23":16,"s:133:28:133:40":50,"f:137:16:137:29":17,"s:138:19:138:35":51,"s:139:18:139:49":52,"f:139:27:139:32":18,"s:139:37:139:49":53,"b:141:2:141:Infinity:undefined:undefined:undefined:undefined":11,"s:141:2:141:Infinity":54,"s:141:16:141:Infinity":55,"s:143:2:143:Infinity":56,"s:144:2:144:Infinity":57,"s:145:2:145:Infinity":58,"s:147:2:147:Infinity":59,"s:148:2:148:Infinity":60,"f:152:16:152:32":19,"s:157:19:157:35":61,"s:158:18:158:49":62,"f:158:27:158:32":20,"s:158:37:158:49":63,"b:160:2:160:Infinity:undefined:undefined:undefined:undefined":12,"s:160:2:160:Infinity":64,"s:160:16:160:Infinity":65,"s:162:2:162:Infinity":66,"s:163:2:163:Infinity":67,"s:164:2:164:Infinity":68,"s:165:2:165:Infinity":69,"s:166:2:166:Infinity":70,"s:167:2:167:Infinity":71,"s:168:2:168:Infinity":72,"s:170:2:170:Infinity":73,"s:171:2:171:Infinity":74,"f:175:16:175:30":21,"s:176:19:176:35":75,"s:177:16:177:52":76,"f:177:25:177:35":22,"s:177:40:177:52":77,"b:179:2:179:Infinity:undefined:undefined:undefined:undefined":13,"s:179:2:179:Infinity":78,"s:179:20:179:Infinity":79,"s:181:2:185:Infinity":80,"s:187:2:187:Infinity":81,"s:188:2:188:Infinity":82,"f:192:16:192:30":23,"s:193:19:193:35":83,"s:194:19:194:52":84,"f:194:28:194:35":24,"s:194:40:194:52":85,"b:196:2:196:Infinity:undefined:undefined:undefined:undefined":14,"s:196:2:196:Infinity":86,"s:196:43:196:Infinity":87,"s:198:2:198:Infinity":88,"s:199:2:199:Infinity":89,"f:203:16:203:42":25,"s:204:19:204:35":90,"s:205:20:208:66":91,"f:206:5:206:12":26,"s:206:17:206:42":92,"f:207:5:207:9":27,"s:207:14:207:21":93,"f:208:5:208:11":28,"s:208:20:208:65":94,"b:210:2:210:Infinity:undefined:undefined:undefined:undefined":15,"s:210:2:210:Infinity":95,"s:210:30:210:Infinity":96,"s:212:15:212:Infinity":97,"s:213:16:213:26":98,"s:214:2:214:Infinity":99,"s:216:2:236:Infinity":100,"s:216:15:216:18":101,"s:217:24:217:46":102,"s:218:4:218:Infinity":103,"s:220:25:220:40":104,"s:221:4:221:Infinity":105,"b:223:4:236:Infinity:225:15:236:Infinity":16,"s:223:4:236:Infinity":106,"s:224:6:224:Infinity":107,"b:225:15:236:Infinity:235:11:236:Infinity":17,"s:225:15:236:Infinity":108,"b:225:15:225:31:225:31:225:52":18,"s:227:24:227:39":109,"s:228:6:228:Infinity":110,"b:230:6:233:Infinity:232:13:233:Infinity":19,"s:230:6:233:Infinity":111,"s:231:8:231:Infinity":112,"s:233:8:233:Infinity":113,"s:236:6:236:Infinity":114,"s:240:2:240:Infinity":115,"f:244:16:244:32":29,"s:245:19:245:35":116,"s:246:14:246:24":117,"s:247:20:252:Infinity":118,"f:247:29:247:36":30,"s:248:17:248:33":119,"s:249:4:251:Infinity":120,"b:249:11:249:45:250:11:250:51:251:11:251:Infinity":20,"s:254:22:254:81":121,"f:254:32:254:40":31,"s:254:51:254:79":122,"b:254:58:254:75:254:75:254:79":21,"s:255:24:255:Infinity":123,"s:256:24:256:80":124,"f:256:34:256:42":32,"s:256:53:256:78":125,"b:256:60:256:74:256:74:256:78":22,"s:258:2:263:Infinity":126,"b:262:41:262:82:262:85:262:Infinity":23}}}
,"C:\\Users\\timpl\\OneDrive\\Рабочий стол\\моё (1)\\WWW\\gym-tracker\\src\\services\\workoutsApi.ts": {"path":"C:\\Users\\timpl\\OneDrive\\Рабочий стол\\моё (1)\\WWW\\gym-tracker\\src\\services\\workoutsApi.ts","statementMap":{"0":{"start":{"line":3,"column":27},"end":{"line":48,"column":null}},"1":{"start":{"line":5,"column":14},"end":{"line":5,"column":78}},"2":{"start":{"line":6,"column":16},"end":{"line":6,"column":136}},"3":{"start":{"line":7,"column":4},"end":{"line":7,"column":null}},"4":{"start":{"line":11,"column":14},"end":{"line":11,"column":63}},"5":{"start":{"line":12,"column":4},"end":{"line":12,"column":null}},"6":{"start":{"line":16,"column":14},"end":{"line":16,"column":56}},"7":{"start":{"line":17,"column":4},"end":{"line":17,"column":null}},"8":{"start":{"line":21,"column":14},"end":{"line":21,"column":98}},"9":{"start":{"line":22,"column":4},"end":{"line":22,"column":null}},"10":{"start":{"line":26,"column":14},"end":{"line":26,"column":103}},"11":{"start":{"line":27,"column":4},"end":{"line":27,"column":null}},"12":{"start":{"line":30,"column":11},"end":{"line":30,"column":75}},"13":{"start":{"line":32,"column":10},"end":{"line":32,"column":78}},"14":{"start":{"line":35,"column":14},"end":{"line":35,"column":113}},"15":{"start":{"line":36,"column":4},"end":{"line":36,"column":null}},"16":{"start":{"line":39,"column":2},"end":{"line":39,"column":120}},"17":{"start":{"line":42,"column":19},"end":{"line":42,"column":40}},"18":{"start":{"line":43,"column":4},"end":{"line":43,"column":null}},"19":{"start":{"line":43,"column":14},"end":{"line":43,"column":null}},"20":{"start":{"line":44,"column":4},"end":{"line":44,"column":null}},"21":{"start":{"line":44,"column":15},"end":{"line":44,"column":null}},"22":{"start":{"line":45,"column":14},"end":{"line":45,"column":31}},"23":{"start":{"line":46,"column":4},"end":{"line":46,"column":null}}},"fnMap":{"0":{"name":"(anonymous_0)","decl":{"start":{"line":4,"column":10},"end":{"line":4,"column":17}},"loc":{"start":{"line":4,"column":81},"end":{"line":7,"column":null}},"line":4},"1":{"name":"(anonymous_1)","decl":{"start":{"line":10,"column":12},"end":{"line":10,"column":24}},"loc":{"start":{"line":10,"column":24},"end":{"line":12,"column":null}},"line":10},"2":{"name":"(anonymous_2)","decl":{"start":{"line":15,"column":11},"end":{"line":15,"column":18}},"loc":{"start":{"line":15,"column":33},"end":{"line":17,"column":null}},"line":15},"3":{"name":"(anonymous_3)","decl":{"start":{"line":20,"column":10},"end":{"line":20,"column":17}},"loc":{"start":{"line":20,"column":35},"end":{"line":22,"column":null}},"line":20},"4":{"name":"(anonymous_4)","decl":{"start":{"line":25,"column":10},"end":{"line":25,"column":17}},"loc":{"start":{"line":25,"column":47},"end":{"line":27,"column":null}},"line":25},"5":{"name":"(anonymous_5)","decl":{"start":{"line":30,"column":2},"end":{"line":30,"column":11}},"loc":{"start":{"line":30,"column":11},"end":{"line":30,"column":75}},"line":30},"6":{"name":"(anonymous_6)","decl":{"start":{"line":32,"column":2},"end":{"line":32,"column":10}},"loc":{"start":{"line":32,"column":10},"end":{"line":32,"column":78}},"line":32},"7":{"name":"(anonymous_7)","decl":{"start":{"line":34,"column":12},"end":{"line":34,"column":19}},"loc":{"start":{"line":34,"column":86},"end":{"line":36,"column":null}},"line":34},"8":{"name":"(anonymous_8)","decl":{"start":{"line":39,"column":2},"end":{"line":39,"column":18}},"loc":{"start":{"line":39,"column":2},"end":{"line":39,"column":120}},"line":39},"9":{"name":"(anonymous_9)","decl":{"start":{"line":41,"column":2},"end":{"line":41,"column":16}},"loc":{"start":{"line":41,"column":50},"end":{"line":46,"column":null}},"line":41}},"branchMap":{"0":{"loc":{"start":{"line":6,"column":117},"end":{"line":6,"column":136}},"type":"cond-expr","locations":[{"start":{"line":6,"column":121},"end":{"line":6,"column":131}},{"start":{"line":6,"column":131},"end":{"line":6,"column":136}}],"line":6},"1":{"loc":{"start":{"line":12,"column":11},"end":{"line":12,"column":null}},"type":"cond-expr","locations":[{"start":{"line":12,"column":11},"end":{"line":12,"column":34}},{"start":{"line":12,"column":37},"end":{"line":12,"column":null}}],"line":12},"2":{"loc":{"start":{"line":43,"column":4},"end":{"line":43,"column":null}},"type":"if","locations":[{"start":{"line":43,"column":4},"end":{"line":43,"column":null}},{"start":{},"end":{}}],"line":43},"3":{"loc":{"start":{"line":44,"column":4},"end":{"line":44,"column":null}},"type":"if","locations":[{"start":{"line":44,"column":4},"end":{"line":44,"column":null}},{"start":{},"end":{}}],"line":44},"4":{"loc":{"start":{"line":46,"column":118},"end":{"line":46,"column":137}},"type":"cond-expr","locations":[{"start":{"line":46,"column":122},"end":{"line":46,"column":132}},{"start":{"line":46,"column":132},"end":{"line":46,"column":137}}],"line":46}},"s":{"0":3,"1":6,"2":6,"3":6,"4":2,"5":2,"6":1,"7":1,"8":1,"9":1,"10":1,"11":1,"12":1,"13":1,"14":1,"15":1,"16":1,"17":10,"18":10,"19":9,"20":10,"21":9,"22":10,"23":10},"f":{"0":6,"1":2,"2":1,"3":1,"4":1,"5":1,"6":1,"7":1,"8":1,"9":10},"b":{"0":[5,1],"1":[1,1],"2":[9,1],"3":[9,1],"4":[9,1]},"meta":{"lastBranch":5,"lastFunction":10,"lastStatement":24,"seen":{"s:3:27:48:Infinity":0,"f:4:10:4:17":0,"s:5:14:5:78":1,"s:6:16:6:136":2,"b:6:121:6:131:6:131:6:136":0,"s:7:4:7:Infinity":3,"f:10:12:10:24":1,"s:11:14:11:63":4,"s:12:4:12:Infinity":5,"b:12:11:12:34:12:37:12:Infinity":1,"f:15:11:15:18":2,"s:16:14:16:56":6,"s:17:4:17:Infinity":7,"f:20:10:20:17":3,"s:21:14:21:98":8,"s:22:4:22:Infinity":9,"f:25:10:25:17":4,"s:26:14:26:103":10,"s:27:4:27:Infinity":11,"f:30:2:30:11":5,"s:30:11:30:75":12,"f:32:2:32:10":6,"s:32:10:32:78":13,"f:34:12:34:19":7,"s:35:14:35:113":14,"s:36:4:36:Infinity":15,"f:39:2:39:18":8,"s:39:2:39:120":16,"f:41:2:41:16":9,"s:42:19:42:40":17,"b:43:4:43:Infinity:undefined:undefined:undefined:undefined":2,"s:43:4:43:Infinity":18,"s:43:14:43:Infinity":19,"b:44:4:44:Infinity:undefined:undefined:undefined:undefined":3,"s:44:4:44:Infinity":20,"s:44:15:44:Infinity":21,"s:45:14:45:31":22,"s:46:4:46:Infinity":23,"b:46:122:46:132:46:132:46:137":4}}}
,"C:\\Users\\timpl\\OneDrive\\Рабочий стол\\моё (1)\\WWW\\gym-tracker\\src\\utils\\haptics.ts": {"path":"C:\\Users\\timpl\\OneDrive\\Рабочий стол\\моё (1)\\WWW\\gym-tracker\\src\\utils\\haptics.ts","statementMap":{"0":{"start":{"line":2,"column":2},"end":{"line":2,"column":null}},"1":{"start":{"line":2,"column":30},"end":{"line":2,"column":null}},"2":{"start":{"line":6,"column":2},"end":{"line":6,"column":null}},"3":{"start":{"line":6,"column":30},"end":{"line":6,"column":null}},"4":{"start":{"line":10,"column":2},"end":{"line":10,"column":null}},"5":{"start":{"line":10,"column":30},"end":{"line":10,"column":null}}},"fnMap":{"0":{"name":"hapticLight","decl":{"start":{"line":1,"column":16},"end":{"line":1,"column":30}},"loc":{"start":{"line":1,"column":30},"end":{"line":2,"column":null}},"line":1},"1":{"name":"hapticMedium","decl":{"start":{"line":5,"column":16},"end":{"line":5,"column":31}},"loc":{"start":{"line":5,"column":31},"end":{"line":6,"column":null}},"line":5},"2":{"name":"hapticSuccess","decl":{"start":{"line":9,"column":16},"end":{"line":9,"column":32}},"loc":{"start":{"line":9,"column":32},"end":{"line":10,"column":null}},"line":9}},"branchMap":{"0":{"loc":{"start":{"line":2,"column":2},"end":{"line":2,"column":null}},"type":"if","locations":[{"start":{"line":2,"column":2},"end":{"line":2,"column":null}},{"start":{},"end":{}}],"line":2},"1":{"loc":{"start":{"line":6,"column":2},"end":{"line":6,"column":null}},"type":"if","locations":[{"start":{"line":6,"column":2},"end":{"line":6,"column":null}},{"start":{},"end":{}}],"line":6},"2":{"loc":{"start":{"line":10,"column":2},"end":{"line":10,"column":null}},"type":"if","locations":[{"start":{"line":10,"column":2},"end":{"line":10,"column":null}},{"start":{},"end":{}}],"line":10}},"s":{"0":3,"1":1,"2":2,"3":1,"4":2,"5":1},"f":{"0":3,"1":2,"2":2},"b":{"0":[1,2],"1":[1,1],"2":[1,1]},"meta":{"lastBranch":3,"lastFunction":3,"lastStatement":6,"seen":{"f:1:16:1:30":0,"b:2:2:2:Infinity:undefined:undefined:undefined:undefined":0,"s:2:2:2:Infinity":0,"s:2:30:2:Infinity":1,"f:5:16:5:31":1,"b:6:2:6:Infinity:undefined:undefined:undefined:undefined":1,"s:6:2:6:Infinity":2,"s:6:30:6:Infinity":3,"f:9:16:9:32":2,"b:10:2:10:Infinity:undefined:undefined:undefined:undefined":2,"s:10:2:10:Infinity":4,"s:10:30:10:Infinity":5}}}
,"C:\\Users\\timpl\\OneDrive\\Рабочий стол\\моё (1)\\WWW\\gym-tracker\\src\\utils\\helpers.ts": {"path":"C:\\Users\\timpl\\OneDrive\\Рабочий стол\\моё (1)\\WWW\\gym-tracker\\src\\utils\\helpers.ts","statementMap":{"0":{"start":{"line":1,"column":13},"end":{"line":7,"column":null}},"1":{"start":{"line":2,"column":18},"end":{"line":2,"column":null}},"2":{"start":{"line":3,"column":2},"end":{"line":7,"column":null}},"3":{"start":{"line":10,"column":13},"end":{"line":23,"column":null}},"4":{"start":{"line":11,"column":2},"end":{"line":12,"column":null}},"5":{"start":{"line":12,"column":4},"end":{"line":12,"column":null}},"6":{"start":{"line":15,"column":16},"end":{"line":15,"column":42}},"7":{"start":{"line":16,"column":18},"end":{"line":16,"column":51}},"8":{"start":{"line":17,"column":15},"end":{"line":17,"column":null}},"9":{"start":{"line":19,"column":2},"end":{"line":20,"column":null}},"10":{"start":{"line":20,"column":4},"end":{"line":20,"column":null}},"11":{"start":{"line":23,"column":2},"end":{"line":23,"column":null}},"12":{"start":{"line":26,"column":13},"end":{"line":29,"column":null}},"13":{"start":{"line":27,"column":2},"end":{"line":29,"column":null}},"14":{"start":{"line":28,"column":19},"end":{"line":28,"column":33}},"15":{"start":{"line":29,"column":28},"end":{"line":29,"column":61}},"16":{"start":{"line":32,"column":13},"end":{"line":33,"column":null}},"17":{"start":{"line":33,"column":2},"end":{"line":33,"column":null}}},"fnMap":{"0":{"name":"(anonymous_0)","decl":{"start":{"line":1,"column":13},"end":{"line":1,"column":27}},"loc":{"start":{"line":1,"column":59},"end":{"line":7,"column":null}},"line":1},"1":{"name":"(anonymous_1)","decl":{"start":{"line":10,"column":13},"end":{"line":10,"column":31}},"loc":{"start":{"line":10,"column":59},"end":{"line":23,"column":null}},"line":10},"2":{"name":"(anonymous_2)","decl":{"start":{"line":26,"column":13},"end":{"line":26,"column":33}},"loc":{"start":{"line":26,"column":111},"end":{"line":29,"column":null}},"line":26},"3":{"name":"(anonymous_3)","decl":{"start":{"line":28,"column":5},"end":{"line":28,"column":12}},"loc":{"start":{"line":28,"column":19},"end":{"line":28,"column":33}},"line":28},"4":{"name":"(anonymous_4)","decl":{"start":{"line":29,"column":5},"end":{"line":29,"column":13}},"loc":{"start":{"line":29,"column":28},"end":{"line":29,"column":61}},"line":29},"5":{"name":"(anonymous_5)","decl":{"start":{"line":32,"column":13},"end":{"line":32,"column":40}},"loc":{"start":{"line":32,"column":40},"end":{"line":33,"column":null}},"line":32}},"branchMap":{"0":{"loc":{"start":{"line":2,"column":18},"end":{"line":2,"column":null}},"type":"cond-expr","locations":[{"start":{"line":2,"column":45},"end":{"line":2,"column":59}},{"start":{"line":2,"column":62},"end":{"line":2,"column":null}}],"line":2},"1":{"loc":{"start":{"line":11,"column":2},"end":{"line":12,"column":null}},"type":"if","locations":[{"start":{"line":11,"column":2},"end":{"line":12,"column":null}},{"start":{},"end":{}}],"line":11},"2":{"loc":{"start":{"line":19,"column":2},"end":{"line":20,"column":null}},"type":"if","locations":[{"start":{"line":19,"column":2},"end":{"line":20,"column":null}},{"start":{},"end":{}}],"line":19}},"s":{"0":2,"1":2,"2":2,"3":2,"4":11,"5":3,"6":8,"7":8,"8":8,"9":8,"10":4,"11":4,"12":2,"13":7,"14":11,"15":10,"16":2,"17":0},"f":{"0":2,"1":11,"2":7,"3":11,"4":10,"5":0},"b":{"0":[1,1],"1":[3,8],"2":[4,4]},"meta":{"lastBranch":3,"lastFunction":6,"lastStatement":18,"seen":{"s:1:13:7:Infinity":0,"f:1:13:1:27":0,"s:2:18:2:Infinity":1,"b:2:45:2:59:2:62:2:Infinity":0,"s:3:2:7:Infinity":2,"s:10:13:23:Infinity":3,"f:10:13:10:31":1,"b:11:2:12:Infinity:undefined:undefined:undefined:undefined":1,"s:11:2:12:Infinity":4,"s:12:4:12:Infinity":5,"s:15:16:15:42":6,"s:16:18:16:51":7,"s:17:15:17:Infinity":8,"b:19:2:20:Infinity:undefined:undefined:undefined:undefined":2,"s:19:2:20:Infinity":9,"s:20:4:20:Infinity":10,"s:23:2:23:Infinity":11,"s:26:13:29:Infinity":12,"f:26:13:26:33":2,"s:27:2:29:Infinity":13,"f:28:5:28:12":3,"s:28:19:28:33":14,"f:29:5:29:13":4,"s:29:28:29:61":15,"s:32:13:33:Infinity":16,"f:32:13:32:40":5,"s:33:2:33:Infinity":17}}}
,"C:\\Users\\timpl\\OneDrive\\Рабочий стол\\моё (1)\\WWW\\gym-tracker\\src\\utils\\playBeep.ts": {"path":"C:\\Users\\timpl\\OneDrive\\Рабочий стол\\моё (1)\\WWW\\gym-tracker\\src\\utils\\playBeep.ts","statementMap":{"0":{"start":{"line":2,"column":2},"end":{"line":9,"column":null}},"1":{"start":{"line":3,"column":16},"end":{"line":3,"column":34}},"2":{"start":{"line":4,"column":16},"end":{"line":4,"column":38}},"3":{"start":{"line":5,"column":4},"end":{"line":5,"column":null}},"4":{"start":{"line":6,"column":4},"end":{"line":6,"column":null}},"5":{"start":{"line":7,"column":4},"end":{"line":7,"column":null}},"6":{"start":{"line":8,"column":4},"end":{"line":8,"column":null}}},"fnMap":{"0":{"name":"playBeep","decl":{"start":{"line":1,"column":16},"end":{"line":1,"column":25}},"loc":{"start":{"line":1,"column":48},"end":{"line":9,"column":null}},"line":1}},"branchMap":{"0":{"loc":{"start":{"line":1,"column":25},"end":{"line":1,"column":37}},"type":"default-arg","locations":[{"start":{"line":1,"column":32},"end":{"line":1,"column":37}}],"line":1},"1":{"loc":{"start":{"line":1,"column":37},"end":{"line":1,"column":48}},"type":"default-arg","locations":[{"start":{"line":1,"column":43},"end":{"line":1,"column":48}}],"line":1}},"s":{"0":3,"1":3,"2":3,"3":3,"4":3,"5":3,"6":3},"f":{"0":3},"b":{"0":[3],"1":[3]},"meta":{"lastBranch":2,"lastFunction":1,"lastStatement":7,"seen":{"f:1:16:1:25":0,"b:1:32:1:37":0,"b:1:43:1:48":1,"s:2:2:9:Infinity":0,"s:3:16:3:34":1,"s:4:16:4:38":2,"s:5:4:5:Infinity":3,"s:6:4:6:Infinity":4,"s:7:4:7:Infinity":5,"s:8:4:8:Infinity":6}}}
}
